The target system is: Linux - 4.19 - arm
The host system is: Linux - 4.19.114-1-MANJARO - x86_64
Compiling the C compiler identification source file "CMakeCCompilerId.c" succeeded.
Compiler: /home/vincent/arm-cross-comp-env/arm-raspbian-linux-gnueabihf/bin/arm-raspbian-linux-gnueabihf-gcc 
Build flags: -Wl,-rpath-link,/home/vincent/arm-cross-comp-env/arm-raspbian-linux-gnueabihf/arm-raspbian-linux-gnueabihf/sysroot/opt/vc/lib;-Wl,-rpath-link,/home/vincent/arm-cross-comp-env/arm-raspbian-linux-gnueabihf/arm-raspbian-linux-gnueabihf/sysroot/lib/arm-linux-gnueabihf;-Wl,-rpath-link,/home/vincent/arm-cross-comp-env/arm-raspbian-linux-gnueabihf/arm-raspbian-linux-gnueabihf/sysroot/usr/lib/arm-linux-gnueabihf;-Wl,-rpath-link,/home/vincent/arm-cross-comp-env/arm-raspbian-linux-gnueabihf/arm-raspbian-linux-gnueabihf/sysroot/usr/local/lib
Id flags:  

The output was:
0


Compilation of the C compiler identification source "CMakeCCompilerId.c" produced "a.out"

The C compiler identification is GNU, found in "/home/vincent/VsCodeProjects/laboratoire5/laboratoire-5-pi/build/CMakeFiles/3.17.1/CompilerIdC/a.out"

Compiling the CXX compiler identification source file "CMakeCXXCompilerId.cpp" succeeded.
Compiler: /home/vincent/arm-cross-comp-env/arm-raspbian-linux-gnueabihf/bin/arm-raspbian-linux-gnueabihf-g++ 
Build flags: -Wl,-rpath-link,/home/vincent/arm-cross-comp-env/arm-raspbian-linux-gnueabihf/arm-raspbian-linux-gnueabihf/sysroot/opt/vc/lib;-Wl,-rpath-link,/home/vincent/arm-cross-comp-env/arm-raspbian-linux-gnueabihf/arm-raspbian-linux-gnueabihf/sysroot/lib/arm-linux-gnueabihf;-Wl,-rpath-link,/home/vincent/arm-cross-comp-env/arm-raspbian-linux-gnueabihf/arm-raspbian-linux-gnueabihf/sysroot/usr/lib/arm-linux-gnueabihf;-Wl,-rpath-link,/home/vincent/arm-cross-comp-env/arm-raspbian-linux-gnueabihf/arm-raspbian-linux-gnueabihf/sysroot/usr/local/lib
Id flags:  

The output was:
0


Compilation of the CXX compiler identification source "CMakeCXXCompilerId.cpp" produced "a.out"

The CXX compiler identification is GNU, found in "/home/vincent/VsCodeProjects/laboratoire5/laboratoire-5-pi/build/CMakeFiles/3.17.1/CompilerIdCXX/a.out"

Determining if the C compiler works passed with the following output:
Change Dir: /home/vincent/VsCodeProjects/laboratoire5/laboratoire-5-pi/build/CMakeFiles/CMakeTmp

Run Build Command(s):/usr/bin/ninja cmTC_12cea && [1/2] Building C object CMakeFiles/cmTC_12cea.dir/testCCompiler.c.o
[2/2] Linking C executable cmTC_12cea



Detecting C compiler ABI info compiled with the following output:
Change Dir: /home/vincent/VsCodeProjects/laboratoire5/laboratoire-5-pi/build/CMakeFiles/CMakeTmp

Run Build Command(s):/usr/bin/ninja cmTC_e1b47 && [1/2] Building C object CMakeFiles/cmTC_e1b47.dir/CMakeCCompilerABI.c.o
Using built-in specs.
COLLECT_GCC=/home/vincent/arm-cross-comp-env/arm-raspbian-linux-gnueabihf/bin/arm-raspbian-linux-gnueabihf-gcc
Target: arm-raspbian-linux-gnueabihf
Configured with: /home/vincent/ct-config/.build/arm-raspbian-linux-gnueabihf/src/gcc/configure --build=x86_64-build_pc-linux-gnu --host=x86_64-build_pc-linux-gnu --target=arm-raspbian-linux-gnueabihf --prefix=/home/vincent/arm-cross-comp-env/arm-raspbian-linux-gnueabihf --with-sysroot=/home/vincent/arm-cross-comp-env/arm-raspbian-linux-gnueabihf/arm-raspbian-linux-gnueabihf/sysroot --enable-languages=c,c++ --with-pkgversion='crosstool-NG UNKNOWN' --enable-__cxa_atexit --enable-libmudflap --enable-libgomp --enable-libssp --enable-libquadmath --enable-libquadmath-support --enable-libsanitizer --disable-libmpx --with-gmp=/home/vincent/ct-config/.build/arm-raspbian-linux-gnueabihf/buildtools --with-mpfr=/home/vincent/ct-config/.build/arm-raspbian-linux-gnueabihf/buildtools --with-mpc=/home/vincent/ct-config/.build/arm-raspbian-linux-gnueabihf/buildtools --with-isl=/home/vincent/ct-config/.build/arm-raspbian-linux-gnueabihf/buildtools --enable-lto --with-host-libstdcxx='-static-libgcc -Wl,-Bstatic,-lstdc++,-Bdynamic -lm' --enable-threads=posix --disable-plugin --disable-nls --enable-multiarch --with-local-prefix=/home/vincent/arm-cross-comp-env/arm-raspbian-linux-gnueabihf/arm-raspbian-linux-gnueabihf/sysroot --enable-long-long --with-arch=armv6 --with-float=hard --with-fpu=vfp --enable-libstdcxx-debug --enable-libstdcxx-time=yes --enable-version-specific-runtime-libs
Thread model: posix
gcc version 8.3.0 (crosstool-NG UNKNOWN) 
COLLECT_GCC_OPTIONS='-v' '-o' 'CMakeFiles/cmTC_e1b47.dir/CMakeCCompilerABI.c.o' '-c'  '-mfloat-abi=hard' '-mfpu=vfp' '-mtls-dialect=gnu' '-marm' '-march=armv6+fp'
 /home/vincent/arm-cross-comp-env/arm-raspbian-linux-gnueabihf/libexec/gcc/arm-raspbian-linux-gnueabihf/8.3.0/cc1 -quiet -v -imultilib . -imultiarch arm-linux-gnueabihf -isysroot /home/vincent/arm-cross-comp-env/arm-raspbian-linux-gnueabihf/arm-raspbian-linux-gnueabihf/sysroot /usr/share/cmake-3.17/Modules/CMakeCCompilerABI.c -quiet -dumpbase CMakeCCompilerABI.c -mfloat-abi=hard -mfpu=vfp -mtls-dialect=gnu -marm -march=armv6+fp -auxbase-strip CMakeFiles/cmTC_e1b47.dir/CMakeCCompilerABI.c.o -version -o /tmp/ccXrmiAj.s
GNU C17 (crosstool-NG UNKNOWN) version 8.3.0 (arm-raspbian-linux-gnueabihf)
	compiled by GNU C version 9.2.0, GMP version 6.1.2, MPFR version 3.1.6, MPC version 1.0.3, isl version isl-0.18-GMP

GGC heuristics: --param ggc-min-expand=100 --param ggc-min-heapsize=131072
ignoring nonexistent directory "/home/vincent/arm-cross-comp-env/arm-raspbian-linux-gnueabihf/arm-raspbian-linux-gnueabihf/sysroot/home/vincent/arm-cross-comp-env/arm-raspbian-linux-gnueabihf/arm-raspbian-linux-gnueabihf/sysroot/include/arm-linux-gnueabihf"
ignoring nonexistent directory "/home/vincent/arm-cross-comp-env/arm-raspbian-linux-gnueabihf/arm-raspbian-linux-gnueabihf/sysroot/home/vincent/arm-cross-comp-env/arm-raspbian-linux-gnueabihf/arm-raspbian-linux-gnueabihf/sysroot/include"
ignoring nonexistent directory "/home/vincent/arm-cross-comp-env/arm-raspbian-linux-gnueabihf/lib/gcc/arm-raspbian-linux-gnueabihf/8.3.0/../../../../arm-raspbian-linux-gnueabihf/include"
#include "..." search starts here:
#include <...> search starts here:
 /home/vincent/arm-cross-comp-env/arm-raspbian-linux-gnueabihf/lib/gcc/arm-raspbian-linux-gnueabihf/8.3.0/include
 /home/vincent/arm-cross-comp-env/arm-raspbian-linux-gnueabihf/lib/gcc/arm-raspbian-linux-gnueabihf/8.3.0/include-fixed
 /home/vincent/arm-cross-comp-env/arm-raspbian-linux-gnueabihf/arm-raspbian-linux-gnueabihf/sysroot/usr/include/arm-linux-gnueabihf
 /home/vincent/arm-cross-comp-env/arm-raspbian-linux-gnueabihf/arm-raspbian-linux-gnueabihf/sysroot/usr/include
End of search list.
GNU C17 (crosstool-NG UNKNOWN) version 8.3.0 (arm-raspbian-linux-gnueabihf)
	compiled by GNU C version 9.2.0, GMP version 6.1.2, MPFR version 3.1.6, MPC version 1.0.3, isl version isl-0.18-GMP

GGC heuristics: --param ggc-min-expand=100 --param ggc-min-heapsize=131072
Compiler executable checksum: 3d75dffd3308e0de8b7d98f00834e3b0
COLLECT_GCC_OPTIONS='-v' '-o' 'CMakeFiles/cmTC_e1b47.dir/CMakeCCompilerABI.c.o' '-c'  '-mfloat-abi=hard' '-mfpu=vfp' '-mtls-dialect=gnu' '-marm' '-march=armv6+fp'
 /home/vincent/arm-cross-comp-env/arm-raspbian-linux-gnueabihf/lib/gcc/arm-raspbian-linux-gnueabihf/8.3.0/../../../../arm-raspbian-linux-gnueabihf/bin/as -v -march=armv6 -mfloat-abi=hard -mfpu=vfp -meabi=5 -o CMakeFiles/cmTC_e1b47.dir/CMakeCCompilerABI.c.o /tmp/ccXrmiAj.s
GNU assembler version 2.28.1 (arm-raspbian-linux-gnueabihf) using BFD version (crosstool-NG UNKNOWN) 2.28.1
COMPILER_PATH=/home/vincent/arm-cross-comp-env/arm-raspbian-linux-gnueabihf/libexec/gcc/arm-raspbian-linux-gnueabihf/8.3.0/:/home/vincent/arm-cross-comp-env/arm-raspbian-linux-gnueabihf/libexec/gcc/arm-raspbian-linux-gnueabihf/8.3.0/:/home/vincent/arm-cross-comp-env/arm-raspbian-linux-gnueabihf/libexec/gcc/arm-raspbian-linux-gnueabihf/:/home/vincent/arm-cross-comp-env/arm-raspbian-linux-gnueabihf/lib/gcc/arm-raspbian-linux-gnueabihf/8.3.0/:/home/vincent/arm-cross-comp-env/arm-raspbian-linux-gnueabihf/lib/gcc/arm-raspbian-linux-gnueabihf/:/home/vincent/arm-cross-comp-env/arm-raspbian-linux-gnueabihf/lib/gcc/arm-raspbian-linux-gnueabihf/8.3.0/../../../../arm-raspbian-linux-gnueabihf/bin/
LIBRARY_PATH=/home/vincent/arm-cross-comp-env/arm-raspbian-linux-gnueabihf/lib/gcc/arm-raspbian-linux-gnueabihf/8.3.0/:/home/vincent/arm-cross-comp-env/arm-raspbian-linux-gnueabihf/arm-raspbian-linux-gnueabihf/sysroot/lib/arm-linux-gnueabihf/:/home/vincent/arm-cross-comp-env/arm-raspbian-linux-gnueabihf/arm-raspbian-linux-gnueabihf/sysroot/lib/:/home/vincent/arm-cross-comp-env/arm-raspbian-linux-gnueabihf/arm-raspbian-linux-gnueabihf/sysroot/usr/lib/arm-linux-gnueabihf/:/home/vincent/arm-cross-comp-env/arm-raspbian-linux-gnueabihf/arm-raspbian-linux-gnueabihf/sysroot/usr/lib/
COLLECT_GCC_OPTIONS='-v' '-o' 'CMakeFiles/cmTC_e1b47.dir/CMakeCCompilerABI.c.o' '-c'  '-mfloat-abi=hard' '-mfpu=vfp' '-mtls-dialect=gnu' '-marm' '-march=armv6+fp'
[2/2] Linking C executable cmTC_e1b47
Using built-in specs.
COLLECT_GCC=/home/vincent/arm-cross-comp-env/arm-raspbian-linux-gnueabihf/bin/arm-raspbian-linux-gnueabihf-gcc
COLLECT_LTO_WRAPPER=/home/vincent/arm-cross-comp-env/arm-raspbian-linux-gnueabihf/libexec/gcc/arm-raspbian-linux-gnueabihf/8.3.0/lto-wrapper
Target: arm-raspbian-linux-gnueabihf
Configured with: /home/vincent/ct-config/.build/arm-raspbian-linux-gnueabihf/src/gcc/configure --build=x86_64-build_pc-linux-gnu --host=x86_64-build_pc-linux-gnu --target=arm-raspbian-linux-gnueabihf --prefix=/home/vincent/arm-cross-comp-env/arm-raspbian-linux-gnueabihf --with-sysroot=/home/vincent/arm-cross-comp-env/arm-raspbian-linux-gnueabihf/arm-raspbian-linux-gnueabihf/sysroot --enable-languages=c,c++ --with-pkgversion='crosstool-NG UNKNOWN' --enable-__cxa_atexit --enable-libmudflap --enable-libgomp --enable-libssp --enable-libquadmath --enable-libquadmath-support --enable-libsanitizer --disable-libmpx --with-gmp=/home/vincent/ct-config/.build/arm-raspbian-linux-gnueabihf/buildtools --with-mpfr=/home/vincent/ct-config/.build/arm-raspbian-linux-gnueabihf/buildtools --with-mpc=/home/vincent/ct-config/.build/arm-raspbian-linux-gnueabihf/buildtools --with-isl=/home/vincent/ct-config/.build/arm-raspbian-linux-gnueabihf/buildtools --enable-lto --with-host-libstdcxx='-static-libgcc -Wl,-Bstatic,-lstdc++,-Bdynamic -lm' --enable-threads=posix --disable-plugin --disable-nls --enable-multiarch --with-local-prefix=/home/vincent/arm-cross-comp-env/arm-raspbian-linux-gnueabihf/arm-raspbian-linux-gnueabihf/sysroot --enable-long-long --with-arch=armv6 --with-float=hard --with-fpu=vfp --enable-libstdcxx-debug --enable-libstdcxx-time=yes --enable-version-specific-runtime-libs
Thread model: posix
gcc version 8.3.0 (crosstool-NG UNKNOWN) 
COMPILER_PATH=/home/vincent/arm-cross-comp-env/arm-raspbian-linux-gnueabihf/libexec/gcc/arm-raspbian-linux-gnueabihf/8.3.0/:/home/vincent/arm-cross-comp-env/arm-raspbian-linux-gnueabihf/libexec/gcc/arm-raspbian-linux-gnueabihf/8.3.0/:/home/vincent/arm-cross-comp-env/arm-raspbian-linux-gnueabihf/libexec/gcc/arm-raspbian-linux-gnueabihf/:/home/vincent/arm-cross-comp-env/arm-raspbian-linux-gnueabihf/lib/gcc/arm-raspbian-linux-gnueabihf/8.3.0/:/home/vincent/arm-cross-comp-env/arm-raspbian-linux-gnueabihf/lib/gcc/arm-raspbian-linux-gnueabihf/:/home/vincent/arm-cross-comp-env/arm-raspbian-linux-gnueabihf/lib/gcc/arm-raspbian-linux-gnueabihf/8.3.0/../../../../arm-raspbian-linux-gnueabihf/bin/
LIBRARY_PATH=/home/vincent/arm-cross-comp-env/arm-raspbian-linux-gnueabihf/lib/gcc/arm-raspbian-linux-gnueabihf/8.3.0/:/home/vincent/arm-cross-comp-env/arm-raspbian-linux-gnueabihf/arm-raspbian-linux-gnueabihf/sysroot/lib/arm-linux-gnueabihf/:/home/vincent/arm-cross-comp-env/arm-raspbian-linux-gnueabihf/arm-raspbian-linux-gnueabihf/sysroot/lib/:/home/vincent/arm-cross-comp-env/arm-raspbian-linux-gnueabihf/arm-raspbian-linux-gnueabihf/sysroot/usr/lib/arm-linux-gnueabihf/:/home/vincent/arm-cross-comp-env/arm-raspbian-linux-gnueabihf/arm-raspbian-linux-gnueabihf/sysroot/usr/lib/
COLLECT_GCC_OPTIONS='-v' '-rdynamic' '-o' 'cmTC_e1b47'  '-mfloat-abi=hard' '-mfpu=vfp' '-mtls-dialect=gnu' '-marm' '-march=armv6+fp'
 /home/vincent/arm-cross-comp-env/arm-raspbian-linux-gnueabihf/libexec/gcc/arm-raspbian-linux-gnueabihf/8.3.0/collect2 -plugin /home/vincent/arm-cross-comp-env/arm-raspbian-linux-gnueabihf/libexec/gcc/arm-raspbian-linux-gnueabihf/8.3.0/liblto_plugin.so -plugin-opt=/home/vincent/arm-cross-comp-env/arm-raspbian-linux-gnueabihf/libexec/gcc/arm-raspbian-linux-gnueabihf/8.3.0/lto-wrapper -plugin-opt=-fresolution=/tmp/cch2KENJ.res -plugin-opt=-pass-through=-lgcc -plugin-opt=-pass-through=-lgcc_s -plugin-opt=-pass-through=-lc -plugin-opt=-pass-through=-lgcc -plugin-opt=-pass-through=-lgcc_s --sysroot=/home/vincent/arm-cross-comp-env/arm-raspbian-linux-gnueabihf/arm-raspbian-linux-gnueabihf/sysroot --eh-frame-hdr -export-dynamic -dynamic-linker /lib/ld-linux-armhf.so.3 -X -m armelf_linux_eabi -o cmTC_e1b47 /home/vincent/arm-cross-comp-env/arm-raspbian-linux-gnueabihf/arm-raspbian-linux-gnueabihf/sysroot/usr/lib/arm-linux-gnueabihf/crt1.o /home/vincent/arm-cross-comp-env/arm-raspbian-linux-gnueabihf/arm-raspbian-linux-gnueabihf/sysroot/usr/lib/arm-linux-gnueabihf/crti.o /home/vincent/arm-cross-comp-env/arm-raspbian-linux-gnueabihf/lib/gcc/arm-raspbian-linux-gnueabihf/8.3.0/crtbegin.o -L/home/vincent/arm-cross-comp-env/arm-raspbian-linux-gnueabihf/lib/gcc/arm-raspbian-linux-gnueabihf/8.3.0 -L/home/vincent/arm-cross-comp-env/arm-raspbian-linux-gnueabihf/arm-raspbian-linux-gnueabihf/sysroot/lib/arm-linux-gnueabihf -L/home/vincent/arm-cross-comp-env/arm-raspbian-linux-gnueabihf/arm-raspbian-linux-gnueabihf/sysroot/lib -L/home/vincent/arm-cross-comp-env/arm-raspbian-linux-gnueabihf/arm-raspbian-linux-gnueabihf/sysroot/usr/lib/arm-linux-gnueabihf -L/home/vincent/arm-cross-comp-env/arm-raspbian-linux-gnueabihf/arm-raspbian-linux-gnueabihf/sysroot/usr/lib -rpath-link /home/vincent/arm-cross-comp-env/arm-raspbian-linux-gnueabihf/arm-raspbian-linux-gnueabihf/sysroot/opt/vc/lib -rpath-link /home/vincent/arm-cross-comp-env/arm-raspbian-linux-gnueabihf/arm-raspbian-linux-gnueabihf/sysroot/lib/arm-linux-gnueabihf -rpath-link /home/vincent/arm-cross-comp-env/arm-raspbian-linux-gnueabihf/arm-raspbian-linux-gnueabihf/sysroot/usr/lib/arm-linux-gnueabihf -rpath-link /home/vincent/arm-cross-comp-env/arm-raspbian-linux-gnueabihf/arm-raspbian-linux-gnueabihf/sysroot/usr/local/lib CMakeFiles/cmTC_e1b47.dir/CMakeCCompilerABI.c.o -lgcc --as-needed -lgcc_s --no-as-needed -lc -lgcc --as-needed -lgcc_s --no-as-needed /home/vincent/arm-cross-comp-env/arm-raspbian-linux-gnueabihf/lib/gcc/arm-raspbian-linux-gnueabihf/8.3.0/crtend.o /home/vincent/arm-cross-comp-env/arm-raspbian-linux-gnueabihf/arm-raspbian-linux-gnueabihf/sysroot/usr/lib/arm-linux-gnueabihf/crtn.o
COLLECT_GCC_OPTIONS='-v' '-rdynamic' '-o' 'cmTC_e1b47'  '-mfloat-abi=hard' '-mfpu=vfp' '-mtls-dialect=gnu' '-marm' '-march=armv6+fp'



Parsed C implicit include dir info from above output: rv=done
  found start of include info
  found start of implicit include info
    add: [/home/vincent/arm-cross-comp-env/arm-raspbian-linux-gnueabihf/lib/gcc/arm-raspbian-linux-gnueabihf/8.3.0/include]
    add: [/home/vincent/arm-cross-comp-env/arm-raspbian-linux-gnueabihf/lib/gcc/arm-raspbian-linux-gnueabihf/8.3.0/include-fixed]
    add: [/home/vincent/arm-cross-comp-env/arm-raspbian-linux-gnueabihf/arm-raspbian-linux-gnueabihf/sysroot/usr/include/arm-linux-gnueabihf]
    add: [/home/vincent/arm-cross-comp-env/arm-raspbian-linux-gnueabihf/arm-raspbian-linux-gnueabihf/sysroot/usr/include]
  end of search list found
  collapse include dir [/home/vincent/arm-cross-comp-env/arm-raspbian-linux-gnueabihf/lib/gcc/arm-raspbian-linux-gnueabihf/8.3.0/include] ==> [/home/vincent/arm-cross-comp-env/arm-raspbian-linux-gnueabihf/lib/gcc/arm-raspbian-linux-gnueabihf/8.3.0/include]
  collapse include dir [/home/vincent/arm-cross-comp-env/arm-raspbian-linux-gnueabihf/lib/gcc/arm-raspbian-linux-gnueabihf/8.3.0/include-fixed] ==> [/home/vincent/arm-cross-comp-env/arm-raspbian-linux-gnueabihf/lib/gcc/arm-raspbian-linux-gnueabihf/8.3.0/include-fixed]
  collapse include dir [/home/vincent/arm-cross-comp-env/arm-raspbian-linux-gnueabihf/arm-raspbian-linux-gnueabihf/sysroot/usr/include/arm-linux-gnueabihf] ==> [/home/vincent/arm-cross-comp-env/arm-raspbian-linux-gnueabihf/arm-raspbian-linux-gnueabihf/sysroot/usr/include/arm-linux-gnueabihf]
  collapse include dir [/home/vincent/arm-cross-comp-env/arm-raspbian-linux-gnueabihf/arm-raspbian-linux-gnueabihf/sysroot/usr/include] ==> [/home/vincent/arm-cross-comp-env/arm-raspbian-linux-gnueabihf/arm-raspbian-linux-gnueabihf/sysroot/usr/include]
  implicit include dirs: [/home/vincent/arm-cross-comp-env/arm-raspbian-linux-gnueabihf/lib/gcc/arm-raspbian-linux-gnueabihf/8.3.0/include;/home/vincent/arm-cross-comp-env/arm-raspbian-linux-gnueabihf/lib/gcc/arm-raspbian-linux-gnueabihf/8.3.0/include-fixed;/home/vincent/arm-cross-comp-env/arm-raspbian-linux-gnueabihf/arm-raspbian-linux-gnueabihf/sysroot/usr/include/arm-linux-gnueabihf;/home/vincent/arm-cross-comp-env/arm-raspbian-linux-gnueabihf/arm-raspbian-linux-gnueabihf/sysroot/usr/include]


Parsed C implicit link information from above output:
  link line regex: [^( *|.*[/\])(arm-raspbian-linux-gnueabihf-ld|CMAKE_LINK_STARTFILE-NOTFOUND|([^/\]+-)?ld|collect2)[^/\]*( |$)]
  ignore line: [Change Dir: /home/vincent/VsCodeProjects/laboratoire5/laboratoire-5-pi/build/CMakeFiles/CMakeTmp]
  ignore line: []
  ignore line: [Run Build Command(s):/usr/bin/ninja cmTC_e1b47 && [1/2] Building C object CMakeFiles/cmTC_e1b47.dir/CMakeCCompilerABI.c.o]
  ignore line: [Using built-in specs.]
  ignore line: [COLLECT_GCC=/home/vincent/arm-cross-comp-env/arm-raspbian-linux-gnueabihf/bin/arm-raspbian-linux-gnueabihf-gcc]
  ignore line: [Target: arm-raspbian-linux-gnueabihf]
  ignore line: [Configured with: /home/vincent/ct-config/.build/arm-raspbian-linux-gnueabihf/src/gcc/configure --build=x86_64-build_pc-linux-gnu --host=x86_64-build_pc-linux-gnu --target=arm-raspbian-linux-gnueabihf --prefix=/home/vincent/arm-cross-comp-env/arm-raspbian-linux-gnueabihf --with-sysroot=/home/vincent/arm-cross-comp-env/arm-raspbian-linux-gnueabihf/arm-raspbian-linux-gnueabihf/sysroot --enable-languages=c c++ --with-pkgversion='crosstool-NG UNKNOWN' --enable-__cxa_atexit --enable-libmudflap --enable-libgomp --enable-libssp --enable-libquadmath --enable-libquadmath-support --enable-libsanitizer --disable-libmpx --with-gmp=/home/vincent/ct-config/.build/arm-raspbian-linux-gnueabihf/buildtools --with-mpfr=/home/vincent/ct-config/.build/arm-raspbian-linux-gnueabihf/buildtools --with-mpc=/home/vincent/ct-config/.build/arm-raspbian-linux-gnueabihf/buildtools --with-isl=/home/vincent/ct-config/.build/arm-raspbian-linux-gnueabihf/buildtools --enable-lto --with-host-libstdcxx='-static-libgcc -Wl -Bstatic -lstdc++ -Bdynamic -lm' --enable-threads=posix --disable-plugin --disable-nls --enable-multiarch --with-local-prefix=/home/vincent/arm-cross-comp-env/arm-raspbian-linux-gnueabihf/arm-raspbian-linux-gnueabihf/sysroot --enable-long-long --with-arch=armv6 --with-float=hard --with-fpu=vfp --enable-libstdcxx-debug --enable-libstdcxx-time=yes --enable-version-specific-runtime-libs]
  ignore line: [Thread model: posix]
  ignore line: [gcc version 8.3.0 (crosstool-NG UNKNOWN) ]
  ignore line: [COLLECT_GCC_OPTIONS='-v' '-o' 'CMakeFiles/cmTC_e1b47.dir/CMakeCCompilerABI.c.o' '-c'  '-mfloat-abi=hard' '-mfpu=vfp' '-mtls-dialect=gnu' '-marm' '-march=armv6+fp']
  ignore line: [ /home/vincent/arm-cross-comp-env/arm-raspbian-linux-gnueabihf/libexec/gcc/arm-raspbian-linux-gnueabihf/8.3.0/cc1 -quiet -v -imultilib . -imultiarch arm-linux-gnueabihf -isysroot /home/vincent/arm-cross-comp-env/arm-raspbian-linux-gnueabihf/arm-raspbian-linux-gnueabihf/sysroot /usr/share/cmake-3.17/Modules/CMakeCCompilerABI.c -quiet -dumpbase CMakeCCompilerABI.c -mfloat-abi=hard -mfpu=vfp -mtls-dialect=gnu -marm -march=armv6+fp -auxbase-strip CMakeFiles/cmTC_e1b47.dir/CMakeCCompilerABI.c.o -version -o /tmp/ccXrmiAj.s]
  ignore line: [GNU C17 (crosstool-NG UNKNOWN) version 8.3.0 (arm-raspbian-linux-gnueabihf)]
  ignore line: [	compiled by GNU C version 9.2.0  GMP version 6.1.2  MPFR version 3.1.6  MPC version 1.0.3  isl version isl-0.18-GMP]
  ignore line: []
  ignore line: [GGC heuristics: --param ggc-min-expand=100 --param ggc-min-heapsize=131072]
  ignore line: [ignoring nonexistent directory "/home/vincent/arm-cross-comp-env/arm-raspbian-linux-gnueabihf/arm-raspbian-linux-gnueabihf/sysroot/home/vincent/arm-cross-comp-env/arm-raspbian-linux-gnueabihf/arm-raspbian-linux-gnueabihf/sysroot/include/arm-linux-gnueabihf"]
  ignore line: [ignoring nonexistent directory "/home/vincent/arm-cross-comp-env/arm-raspbian-linux-gnueabihf/arm-raspbian-linux-gnueabihf/sysroot/home/vincent/arm-cross-comp-env/arm-raspbian-linux-gnueabihf/arm-raspbian-linux-gnueabihf/sysroot/include"]
  ignore line: [ignoring nonexistent directory "/home/vincent/arm-cross-comp-env/arm-raspbian-linux-gnueabihf/lib/gcc/arm-raspbian-linux-gnueabihf/8.3.0/../../../../arm-raspbian-linux-gnueabihf/include"]
  ignore line: [#include "..." search starts here:]
  ignore line: [#include <...> search starts here:]
  ignore line: [ /home/vincent/arm-cross-comp-env/arm-raspbian-linux-gnueabihf/lib/gcc/arm-raspbian-linux-gnueabihf/8.3.0/include]
  ignore line: [ /home/vincent/arm-cross-comp-env/arm-raspbian-linux-gnueabihf/lib/gcc/arm-raspbian-linux-gnueabihf/8.3.0/include-fixed]
  ignore line: [ /home/vincent/arm-cross-comp-env/arm-raspbian-linux-gnueabihf/arm-raspbian-linux-gnueabihf/sysroot/usr/include/arm-linux-gnueabihf]
  ignore line: [ /home/vincent/arm-cross-comp-env/arm-raspbian-linux-gnueabihf/arm-raspbian-linux-gnueabihf/sysroot/usr/include]
  ignore line: [End of search list.]
  ignore line: [GNU C17 (crosstool-NG UNKNOWN) version 8.3.0 (arm-raspbian-linux-gnueabihf)]
  ignore line: [	compiled by GNU C version 9.2.0  GMP version 6.1.2  MPFR version 3.1.6  MPC version 1.0.3  isl version isl-0.18-GMP]
  ignore line: []
  ignore line: [GGC heuristics: --param ggc-min-expand=100 --param ggc-min-heapsize=131072]
  ignore line: [Compiler executable checksum: 3d75dffd3308e0de8b7d98f00834e3b0]
  ignore line: [COLLECT_GCC_OPTIONS='-v' '-o' 'CMakeFiles/cmTC_e1b47.dir/CMakeCCompilerABI.c.o' '-c'  '-mfloat-abi=hard' '-mfpu=vfp' '-mtls-dialect=gnu' '-marm' '-march=armv6+fp']
  ignore line: [ /home/vincent/arm-cross-comp-env/arm-raspbian-linux-gnueabihf/lib/gcc/arm-raspbian-linux-gnueabihf/8.3.0/../../../../arm-raspbian-linux-gnueabihf/bin/as -v -march=armv6 -mfloat-abi=hard -mfpu=vfp -meabi=5 -o CMakeFiles/cmTC_e1b47.dir/CMakeCCompilerABI.c.o /tmp/ccXrmiAj.s]
  ignore line: [GNU assembler version 2.28.1 (arm-raspbian-linux-gnueabihf) using BFD version (crosstool-NG UNKNOWN) 2.28.1]
  ignore line: [COMPILER_PATH=/home/vincent/arm-cross-comp-env/arm-raspbian-linux-gnueabihf/libexec/gcc/arm-raspbian-linux-gnueabihf/8.3.0/:/home/vincent/arm-cross-comp-env/arm-raspbian-linux-gnueabihf/libexec/gcc/arm-raspbian-linux-gnueabihf/8.3.0/:/home/vincent/arm-cross-comp-env/arm-raspbian-linux-gnueabihf/libexec/gcc/arm-raspbian-linux-gnueabihf/:/home/vincent/arm-cross-comp-env/arm-raspbian-linux-gnueabihf/lib/gcc/arm-raspbian-linux-gnueabihf/8.3.0/:/home/vincent/arm-cross-comp-env/arm-raspbian-linux-gnueabihf/lib/gcc/arm-raspbian-linux-gnueabihf/:/home/vincent/arm-cross-comp-env/arm-raspbian-linux-gnueabihf/lib/gcc/arm-raspbian-linux-gnueabihf/8.3.0/../../../../arm-raspbian-linux-gnueabihf/bin/]
  ignore line: [LIBRARY_PATH=/home/vincent/arm-cross-comp-env/arm-raspbian-linux-gnueabihf/lib/gcc/arm-raspbian-linux-gnueabihf/8.3.0/:/home/vincent/arm-cross-comp-env/arm-raspbian-linux-gnueabihf/arm-raspbian-linux-gnueabihf/sysroot/lib/arm-linux-gnueabihf/:/home/vincent/arm-cross-comp-env/arm-raspbian-linux-gnueabihf/arm-raspbian-linux-gnueabihf/sysroot/lib/:/home/vincent/arm-cross-comp-env/arm-raspbian-linux-gnueabihf/arm-raspbian-linux-gnueabihf/sysroot/usr/lib/arm-linux-gnueabihf/:/home/vincent/arm-cross-comp-env/arm-raspbian-linux-gnueabihf/arm-raspbian-linux-gnueabihf/sysroot/usr/lib/]
  ignore line: [COLLECT_GCC_OPTIONS='-v' '-o' 'CMakeFiles/cmTC_e1b47.dir/CMakeCCompilerABI.c.o' '-c'  '-mfloat-abi=hard' '-mfpu=vfp' '-mtls-dialect=gnu' '-marm' '-march=armv6+fp']
  ignore line: [[2/2] Linking C executable cmTC_e1b47]
  ignore line: [Using built-in specs.]
  ignore line: [COLLECT_GCC=/home/vincent/arm-cross-comp-env/arm-raspbian-linux-gnueabihf/bin/arm-raspbian-linux-gnueabihf-gcc]
  ignore line: [COLLECT_LTO_WRAPPER=/home/vincent/arm-cross-comp-env/arm-raspbian-linux-gnueabihf/libexec/gcc/arm-raspbian-linux-gnueabihf/8.3.0/lto-wrapper]
  ignore line: [Target: arm-raspbian-linux-gnueabihf]
  ignore line: [Configured with: /home/vincent/ct-config/.build/arm-raspbian-linux-gnueabihf/src/gcc/configure --build=x86_64-build_pc-linux-gnu --host=x86_64-build_pc-linux-gnu --target=arm-raspbian-linux-gnueabihf --prefix=/home/vincent/arm-cross-comp-env/arm-raspbian-linux-gnueabihf --with-sysroot=/home/vincent/arm-cross-comp-env/arm-raspbian-linux-gnueabihf/arm-raspbian-linux-gnueabihf/sysroot --enable-languages=c c++ --with-pkgversion='crosstool-NG UNKNOWN' --enable-__cxa_atexit --enable-libmudflap --enable-libgomp --enable-libssp --enable-libquadmath --enable-libquadmath-support --enable-libsanitizer --disable-libmpx --with-gmp=/home/vincent/ct-config/.build/arm-raspbian-linux-gnueabihf/buildtools --with-mpfr=/home/vincent/ct-config/.build/arm-raspbian-linux-gnueabihf/buildtools --with-mpc=/home/vincent/ct-config/.build/arm-raspbian-linux-gnueabihf/buildtools --with-isl=/home/vincent/ct-config/.build/arm-raspbian-linux-gnueabihf/buildtools --enable-lto --with-host-libstdcxx='-static-libgcc -Wl -Bstatic -lstdc++ -Bdynamic -lm' --enable-threads=posix --disable-plugin --disable-nls --enable-multiarch --with-local-prefix=/home/vincent/arm-cross-comp-env/arm-raspbian-linux-gnueabihf/arm-raspbian-linux-gnueabihf/sysroot --enable-long-long --with-arch=armv6 --with-float=hard --with-fpu=vfp --enable-libstdcxx-debug --enable-libstdcxx-time=yes --enable-version-specific-runtime-libs]
  ignore line: [Thread model: posix]
  ignore line: [gcc version 8.3.0 (crosstool-NG UNKNOWN) ]
  ignore line: [COMPILER_PATH=/home/vincent/arm-cross-comp-env/arm-raspbian-linux-gnueabihf/libexec/gcc/arm-raspbian-linux-gnueabihf/8.3.0/:/home/vincent/arm-cross-comp-env/arm-raspbian-linux-gnueabihf/libexec/gcc/arm-raspbian-linux-gnueabihf/8.3.0/:/home/vincent/arm-cross-comp-env/arm-raspbian-linux-gnueabihf/libexec/gcc/arm-raspbian-linux-gnueabihf/:/home/vincent/arm-cross-comp-env/arm-raspbian-linux-gnueabihf/lib/gcc/arm-raspbian-linux-gnueabihf/8.3.0/:/home/vincent/arm-cross-comp-env/arm-raspbian-linux-gnueabihf/lib/gcc/arm-raspbian-linux-gnueabihf/:/home/vincent/arm-cross-comp-env/arm-raspbian-linux-gnueabihf/lib/gcc/arm-raspbian-linux-gnueabihf/8.3.0/../../../../arm-raspbian-linux-gnueabihf/bin/]
  ignore line: [LIBRARY_PATH=/home/vincent/arm-cross-comp-env/arm-raspbian-linux-gnueabihf/lib/gcc/arm-raspbian-linux-gnueabihf/8.3.0/:/home/vincent/arm-cross-comp-env/arm-raspbian-linux-gnueabihf/arm-raspbian-linux-gnueabihf/sysroot/lib/arm-linux-gnueabihf/:/home/vincent/arm-cross-comp-env/arm-raspbian-linux-gnueabihf/arm-raspbian-linux-gnueabihf/sysroot/lib/:/home/vincent/arm-cross-comp-env/arm-raspbian-linux-gnueabihf/arm-raspbian-linux-gnueabihf/sysroot/usr/lib/arm-linux-gnueabihf/:/home/vincent/arm-cross-comp-env/arm-raspbian-linux-gnueabihf/arm-raspbian-linux-gnueabihf/sysroot/usr/lib/]
  ignore line: [COLLECT_GCC_OPTIONS='-v' '-rdynamic' '-o' 'cmTC_e1b47'  '-mfloat-abi=hard' '-mfpu=vfp' '-mtls-dialect=gnu' '-marm' '-march=armv6+fp']
  link line: [ /home/vincent/arm-cross-comp-env/arm-raspbian-linux-gnueabihf/libexec/gcc/arm-raspbian-linux-gnueabihf/8.3.0/collect2 -plugin /home/vincent/arm-cross-comp-env/arm-raspbian-linux-gnueabihf/libexec/gcc/arm-raspbian-linux-gnueabihf/8.3.0/liblto_plugin.so -plugin-opt=/home/vincent/arm-cross-comp-env/arm-raspbian-linux-gnueabihf/libexec/gcc/arm-raspbian-linux-gnueabihf/8.3.0/lto-wrapper -plugin-opt=-fresolution=/tmp/cch2KENJ.res -plugin-opt=-pass-through=-lgcc -plugin-opt=-pass-through=-lgcc_s -plugin-opt=-pass-through=-lc -plugin-opt=-pass-through=-lgcc -plugin-opt=-pass-through=-lgcc_s --sysroot=/home/vincent/arm-cross-comp-env/arm-raspbian-linux-gnueabihf/arm-raspbian-linux-gnueabihf/sysroot --eh-frame-hdr -export-dynamic -dynamic-linker /lib/ld-linux-armhf.so.3 -X -m armelf_linux_eabi -o cmTC_e1b47 /home/vincent/arm-cross-comp-env/arm-raspbian-linux-gnueabihf/arm-raspbian-linux-gnueabihf/sysroot/usr/lib/arm-linux-gnueabihf/crt1.o /home/vincent/arm-cross-comp-env/arm-raspbian-linux-gnueabihf/arm-raspbian-linux-gnueabihf/sysroot/usr/lib/arm-linux-gnueabihf/crti.o /home/vincent/arm-cross-comp-env/arm-raspbian-linux-gnueabihf/lib/gcc/arm-raspbian-linux-gnueabihf/8.3.0/crtbegin.o -L/home/vincent/arm-cross-comp-env/arm-raspbian-linux-gnueabihf/lib/gcc/arm-raspbian-linux-gnueabihf/8.3.0 -L/home/vincent/arm-cross-comp-env/arm-raspbian-linux-gnueabihf/arm-raspbian-linux-gnueabihf/sysroot/lib/arm-linux-gnueabihf -L/home/vincent/arm-cross-comp-env/arm-raspbian-linux-gnueabihf/arm-raspbian-linux-gnueabihf/sysroot/lib -L/home/vincent/arm-cross-comp-env/arm-raspbian-linux-gnueabihf/arm-raspbian-linux-gnueabihf/sysroot/usr/lib/arm-linux-gnueabihf -L/home/vincent/arm-cross-comp-env/arm-raspbian-linux-gnueabihf/arm-raspbian-linux-gnueabihf/sysroot/usr/lib -rpath-link /home/vincent/arm-cross-comp-env/arm-raspbian-linux-gnueabihf/arm-raspbian-linux-gnueabihf/sysroot/opt/vc/lib -rpath-link /home/vincent/arm-cross-comp-env/arm-raspbian-linux-gnueabihf/arm-raspbian-linux-gnueabihf/sysroot/lib/arm-linux-gnueabihf -rpath-link /home/vincent/arm-cross-comp-env/arm-raspbian-linux-gnueabihf/arm-raspbian-linux-gnueabihf/sysroot/usr/lib/arm-linux-gnueabihf -rpath-link /home/vincent/arm-cross-comp-env/arm-raspbian-linux-gnueabihf/arm-raspbian-linux-gnueabihf/sysroot/usr/local/lib CMakeFiles/cmTC_e1b47.dir/CMakeCCompilerABI.c.o -lgcc --as-needed -lgcc_s --no-as-needed -lc -lgcc --as-needed -lgcc_s --no-as-needed /home/vincent/arm-cross-comp-env/arm-raspbian-linux-gnueabihf/lib/gcc/arm-raspbian-linux-gnueabihf/8.3.0/crtend.o /home/vincent/arm-cross-comp-env/arm-raspbian-linux-gnueabihf/arm-raspbian-linux-gnueabihf/sysroot/usr/lib/arm-linux-gnueabihf/crtn.o]
    arg [/home/vincent/arm-cross-comp-env/arm-raspbian-linux-gnueabihf/libexec/gcc/arm-raspbian-linux-gnueabihf/8.3.0/collect2] ==> ignore
    arg [-plugin] ==> ignore
    arg [/home/vincent/arm-cross-comp-env/arm-raspbian-linux-gnueabihf/libexec/gcc/arm-raspbian-linux-gnueabihf/8.3.0/liblto_plugin.so] ==> ignore
    arg [-plugin-opt=/home/vincent/arm-cross-comp-env/arm-raspbian-linux-gnueabihf/libexec/gcc/arm-raspbian-linux-gnueabihf/8.3.0/lto-wrapper] ==> ignore
    arg [-plugin-opt=-fresolution=/tmp/cch2KENJ.res] ==> ignore
    arg [-plugin-opt=-pass-through=-lgcc] ==> ignore
    arg [-plugin-opt=-pass-through=-lgcc_s] ==> ignore
    arg [-plugin-opt=-pass-through=-lc] ==> ignore
    arg [-plugin-opt=-pass-through=-lgcc] ==> ignore
    arg [-plugin-opt=-pass-through=-lgcc_s] ==> ignore
    arg [--sysroot=/home/vincent/arm-cross-comp-env/arm-raspbian-linux-gnueabihf/arm-raspbian-linux-gnueabihf/sysroot] ==> ignore
    arg [--eh-frame-hdr] ==> ignore
    arg [-export-dynamic] ==> ignore
    arg [-dynamic-linker] ==> ignore
    arg [/lib/ld-linux-armhf.so.3] ==> ignore
    arg [-X] ==> ignore
    arg [-m] ==> ignore
    arg [armelf_linux_eabi] ==> ignore
    arg [-o] ==> ignore
    arg [cmTC_e1b47] ==> ignore
    arg [/home/vincent/arm-cross-comp-env/arm-raspbian-linux-gnueabihf/arm-raspbian-linux-gnueabihf/sysroot/usr/lib/arm-linux-gnueabihf/crt1.o] ==> ignore
    arg [/home/vincent/arm-cross-comp-env/arm-raspbian-linux-gnueabihf/arm-raspbian-linux-gnueabihf/sysroot/usr/lib/arm-linux-gnueabihf/crti.o] ==> ignore
    arg [/home/vincent/arm-cross-comp-env/arm-raspbian-linux-gnueabihf/lib/gcc/arm-raspbian-linux-gnueabihf/8.3.0/crtbegin.o] ==> ignore
    arg [-L/home/vincent/arm-cross-comp-env/arm-raspbian-linux-gnueabihf/lib/gcc/arm-raspbian-linux-gnueabihf/8.3.0] ==> dir [/home/vincent/arm-cross-comp-env/arm-raspbian-linux-gnueabihf/lib/gcc/arm-raspbian-linux-gnueabihf/8.3.0]
    arg [-L/home/vincent/arm-cross-comp-env/arm-raspbian-linux-gnueabihf/arm-raspbian-linux-gnueabihf/sysroot/lib/arm-linux-gnueabihf] ==> dir [/home/vincent/arm-cross-comp-env/arm-raspbian-linux-gnueabihf/arm-raspbian-linux-gnueabihf/sysroot/lib/arm-linux-gnueabihf]
    arg [-L/home/vincent/arm-cross-comp-env/arm-raspbian-linux-gnueabihf/arm-raspbian-linux-gnueabihf/sysroot/lib] ==> dir [/home/vincent/arm-cross-comp-env/arm-raspbian-linux-gnueabihf/arm-raspbian-linux-gnueabihf/sysroot/lib]
    arg [-L/home/vincent/arm-cross-comp-env/arm-raspbian-linux-gnueabihf/arm-raspbian-linux-gnueabihf/sysroot/usr/lib/arm-linux-gnueabihf] ==> dir [/home/vincent/arm-cross-comp-env/arm-raspbian-linux-gnueabihf/arm-raspbian-linux-gnueabihf/sysroot/usr/lib/arm-linux-gnueabihf]
    arg [-L/home/vincent/arm-cross-comp-env/arm-raspbian-linux-gnueabihf/arm-raspbian-linux-gnueabihf/sysroot/usr/lib] ==> dir [/home/vincent/arm-cross-comp-env/arm-raspbian-linux-gnueabihf/arm-raspbian-linux-gnueabihf/sysroot/usr/lib]
    arg [-rpath-link] ==> ignore
    arg [/home/vincent/arm-cross-comp-env/arm-raspbian-linux-gnueabihf/arm-raspbian-linux-gnueabihf/sysroot/opt/vc/lib] ==> ignore
    arg [-rpath-link] ==> ignore
    arg [/home/vincent/arm-cross-comp-env/arm-raspbian-linux-gnueabihf/arm-raspbian-linux-gnueabihf/sysroot/lib/arm-linux-gnueabihf] ==> ignore
    arg [-rpath-link] ==> ignore
    arg [/home/vincent/arm-cross-comp-env/arm-raspbian-linux-gnueabihf/arm-raspbian-linux-gnueabihf/sysroot/usr/lib/arm-linux-gnueabihf] ==> ignore
    arg [-rpath-link] ==> ignore
    arg [/home/vincent/arm-cross-comp-env/arm-raspbian-linux-gnueabihf/arm-raspbian-linux-gnueabihf/sysroot/usr/local/lib] ==> ignore
    arg [CMakeFiles/cmTC_e1b47.dir/CMakeCCompilerABI.c.o] ==> ignore
    arg [-lgcc] ==> lib [gcc]
    arg [--as-needed] ==> ignore
    arg [-lgcc_s] ==> lib [gcc_s]
    arg [--no-as-needed] ==> ignore
    arg [-lc] ==> lib [c]
    arg [-lgcc] ==> lib [gcc]
    arg [--as-needed] ==> ignore
    arg [-lgcc_s] ==> lib [gcc_s]
    arg [--no-as-needed] ==> ignore
    arg [/home/vincent/arm-cross-comp-env/arm-raspbian-linux-gnueabihf/lib/gcc/arm-raspbian-linux-gnueabihf/8.3.0/crtend.o] ==> ignore
    arg [/home/vincent/arm-cross-comp-env/arm-raspbian-linux-gnueabihf/arm-raspbian-linux-gnueabihf/sysroot/usr/lib/arm-linux-gnueabihf/crtn.o] ==> ignore
  collapse library dir [/home/vincent/arm-cross-comp-env/arm-raspbian-linux-gnueabihf/lib/gcc/arm-raspbian-linux-gnueabihf/8.3.0] ==> [/home/vincent/arm-cross-comp-env/arm-raspbian-linux-gnueabihf/lib/gcc/arm-raspbian-linux-gnueabihf/8.3.0]
  collapse library dir [/home/vincent/arm-cross-comp-env/arm-raspbian-linux-gnueabihf/arm-raspbian-linux-gnueabihf/sysroot/lib/arm-linux-gnueabihf] ==> [/home/vincent/arm-cross-comp-env/arm-raspbian-linux-gnueabihf/arm-raspbian-linux-gnueabihf/sysroot/lib/arm-linux-gnueabihf]
  collapse library dir [/home/vincent/arm-cross-comp-env/arm-raspbian-linux-gnueabihf/arm-raspbian-linux-gnueabihf/sysroot/lib] ==> [/home/vincent/arm-cross-comp-env/arm-raspbian-linux-gnueabihf/arm-raspbian-linux-gnueabihf/sysroot/lib]
  collapse library dir [/home/vincent/arm-cross-comp-env/arm-raspbian-linux-gnueabihf/arm-raspbian-linux-gnueabihf/sysroot/usr/lib/arm-linux-gnueabihf] ==> [/home/vincent/arm-cross-comp-env/arm-raspbian-linux-gnueabihf/arm-raspbian-linux-gnueabihf/sysroot/usr/lib/arm-linux-gnueabihf]
  collapse library dir [/home/vincent/arm-cross-comp-env/arm-raspbian-linux-gnueabihf/arm-raspbian-linux-gnueabihf/sysroot/usr/lib] ==> [/home/vincent/arm-cross-comp-env/arm-raspbian-linux-gnueabihf/arm-raspbian-linux-gnueabihf/sysroot/usr/lib]
  implicit libs: [gcc;gcc_s;c;gcc;gcc_s]
  implicit dirs: [/home/vincent/arm-cross-comp-env/arm-raspbian-linux-gnueabihf/lib/gcc/arm-raspbian-linux-gnueabihf/8.3.0;/home/vincent/arm-cross-comp-env/arm-raspbian-linux-gnueabihf/arm-raspbian-linux-gnueabihf/sysroot/lib/arm-linux-gnueabihf;/home/vincent/arm-cross-comp-env/arm-raspbian-linux-gnueabihf/arm-raspbian-linux-gnueabihf/sysroot/lib;/home/vincent/arm-cross-comp-env/arm-raspbian-linux-gnueabihf/arm-raspbian-linux-gnueabihf/sysroot/usr/lib/arm-linux-gnueabihf;/home/vincent/arm-cross-comp-env/arm-raspbian-linux-gnueabihf/arm-raspbian-linux-gnueabihf/sysroot/usr/lib]
  implicit fwks: []


Determining if the CXX compiler works passed with the following output:
Change Dir: /home/vincent/VsCodeProjects/laboratoire5/laboratoire-5-pi/build/CMakeFiles/CMakeTmp

Run Build Command(s):/usr/bin/ninja cmTC_105c8 && [1/2] Building CXX object CMakeFiles/cmTC_105c8.dir/testCXXCompiler.cxx.o
[2/2] Linking CXX executable cmTC_105c8



Detecting CXX compiler ABI info compiled with the following output:
Change Dir: /home/vincent/VsCodeProjects/laboratoire5/laboratoire-5-pi/build/CMakeFiles/CMakeTmp

Run Build Command(s):/usr/bin/ninja cmTC_eb2c7 && [1/2] Building CXX object CMakeFiles/cmTC_eb2c7.dir/CMakeCXXCompilerABI.cpp.o
Using built-in specs.
COLLECT_GCC=/home/vincent/arm-cross-comp-env/arm-raspbian-linux-gnueabihf/bin/arm-raspbian-linux-gnueabihf-g++
Target: arm-raspbian-linux-gnueabihf
Configured with: /home/vincent/ct-config/.build/arm-raspbian-linux-gnueabihf/src/gcc/configure --build=x86_64-build_pc-linux-gnu --host=x86_64-build_pc-linux-gnu --target=arm-raspbian-linux-gnueabihf --prefix=/home/vincent/arm-cross-comp-env/arm-raspbian-linux-gnueabihf --with-sysroot=/home/vincent/arm-cross-comp-env/arm-raspbian-linux-gnueabihf/arm-raspbian-linux-gnueabihf/sysroot --enable-languages=c,c++ --with-pkgversion='crosstool-NG UNKNOWN' --enable-__cxa_atexit --enable-libmudflap --enable-libgomp --enable-libssp --enable-libquadmath --enable-libquadmath-support --enable-libsanitizer --disable-libmpx --with-gmp=/home/vincent/ct-config/.build/arm-raspbian-linux-gnueabihf/buildtools --with-mpfr=/home/vincent/ct-config/.build/arm-raspbian-linux-gnueabihf/buildtools --with-mpc=/home/vincent/ct-config/.build/arm-raspbian-linux-gnueabihf/buildtools --with-isl=/home/vincent/ct-config/.build/arm-raspbian-linux-gnueabihf/buildtools --enable-lto --with-host-libstdcxx='-static-libgcc -Wl,-Bstatic,-lstdc++,-Bdynamic -lm' --enable-threads=posix --disable-plugin --disable-nls --enable-multiarch --with-local-prefix=/home/vincent/arm-cross-comp-env/arm-raspbian-linux-gnueabihf/arm-raspbian-linux-gnueabihf/sysroot --enable-long-long --with-arch=armv6 --with-float=hard --with-fpu=vfp --enable-libstdcxx-debug --enable-libstdcxx-time=yes --enable-version-specific-runtime-libs
Thread model: posix
gcc version 8.3.0 (crosstool-NG UNKNOWN) 
COLLECT_GCC_OPTIONS='-v' '-o' 'CMakeFiles/cmTC_eb2c7.dir/CMakeCXXCompilerABI.cpp.o' '-c' '-shared-libgcc'  '-mfloat-abi=hard' '-mfpu=vfp' '-mtls-dialect=gnu' '-marm' '-march=armv6+fp'
 /home/vincent/arm-cross-comp-env/arm-raspbian-linux-gnueabihf/libexec/gcc/arm-raspbian-linux-gnueabihf/8.3.0/cc1plus -quiet -v -imultilib . -imultiarch arm-linux-gnueabihf -isysroot /home/vincent/arm-cross-comp-env/arm-raspbian-linux-gnueabihf/arm-raspbian-linux-gnueabihf/sysroot -D_GNU_SOURCE /usr/share/cmake-3.17/Modules/CMakeCXXCompilerABI.cpp -quiet -dumpbase CMakeCXXCompilerABI.cpp -mfloat-abi=hard -mfpu=vfp -mtls-dialect=gnu -marm -march=armv6+fp -auxbase-strip CMakeFiles/cmTC_eb2c7.dir/CMakeCXXCompilerABI.cpp.o -version -o /tmp/ccZbbwKk.s
GNU C++14 (crosstool-NG UNKNOWN) version 8.3.0 (arm-raspbian-linux-gnueabihf)
	compiled by GNU C version 9.2.0, GMP version 6.1.2, MPFR version 3.1.6, MPC version 1.0.3, isl version isl-0.18-GMP

GGC heuristics: --param ggc-min-expand=100 --param ggc-min-heapsize=131072
ignoring nonexistent directory "/home/vincent/arm-cross-comp-env/arm-raspbian-linux-gnueabihf/arm-raspbian-linux-gnueabihf/sysroot/home/vincent/arm-cross-comp-env/arm-raspbian-linux-gnueabihf/arm-raspbian-linux-gnueabihf/sysroot/include/arm-linux-gnueabihf"
ignoring nonexistent directory "/home/vincent/arm-cross-comp-env/arm-raspbian-linux-gnueabihf/arm-raspbian-linux-gnueabihf/sysroot/home/vincent/arm-cross-comp-env/arm-raspbian-linux-gnueabihf/arm-raspbian-linux-gnueabihf/sysroot/include"
ignoring nonexistent directory "/home/vincent/arm-cross-comp-env/arm-raspbian-linux-gnueabihf/lib/gcc/arm-raspbian-linux-gnueabihf/8.3.0/../../../../arm-raspbian-linux-gnueabihf/include"
#include "..." search starts here:
#include <...> search starts here:
 /home/vincent/arm-cross-comp-env/arm-raspbian-linux-gnueabihf/lib/gcc/arm-raspbian-linux-gnueabihf/8.3.0/include/c++
 /home/vincent/arm-cross-comp-env/arm-raspbian-linux-gnueabihf/lib/gcc/arm-raspbian-linux-gnueabihf/8.3.0/include/c++/arm-raspbian-linux-gnueabihf/.
 /home/vincent/arm-cross-comp-env/arm-raspbian-linux-gnueabihf/lib/gcc/arm-raspbian-linux-gnueabihf/8.3.0/include/c++/backward
 /home/vincent/arm-cross-comp-env/arm-raspbian-linux-gnueabihf/lib/gcc/arm-raspbian-linux-gnueabihf/8.3.0/include
 /home/vincent/arm-cross-comp-env/arm-raspbian-linux-gnueabihf/lib/gcc/arm-raspbian-linux-gnueabihf/8.3.0/include-fixed
 /home/vincent/arm-cross-comp-env/arm-raspbian-linux-gnueabihf/arm-raspbian-linux-gnueabihf/sysroot/usr/include/arm-linux-gnueabihf
 /home/vincent/arm-cross-comp-env/arm-raspbian-linux-gnueabihf/arm-raspbian-linux-gnueabihf/sysroot/usr/include
End of search list.
GNU C++14 (crosstool-NG UNKNOWN) version 8.3.0 (arm-raspbian-linux-gnueabihf)
	compiled by GNU C version 9.2.0, GMP version 6.1.2, MPFR version 3.1.6, MPC version 1.0.3, isl version isl-0.18-GMP

GGC heuristics: --param ggc-min-expand=100 --param ggc-min-heapsize=131072
Compiler executable checksum: 24e5d62aac4aff2c2560ec71c91aec6c
COLLECT_GCC_OPTIONS='-v' '-o' 'CMakeFiles/cmTC_eb2c7.dir/CMakeCXXCompilerABI.cpp.o' '-c' '-shared-libgcc'  '-mfloat-abi=hard' '-mfpu=vfp' '-mtls-dialect=gnu' '-marm' '-march=armv6+fp'
 /home/vincent/arm-cross-comp-env/arm-raspbian-linux-gnueabihf/lib/gcc/arm-raspbian-linux-gnueabihf/8.3.0/../../../../arm-raspbian-linux-gnueabihf/bin/as -v -march=armv6 -mfloat-abi=hard -mfpu=vfp -meabi=5 -o CMakeFiles/cmTC_eb2c7.dir/CMakeCXXCompilerABI.cpp.o /tmp/ccZbbwKk.s
GNU assembler version 2.28.1 (arm-raspbian-linux-gnueabihf) using BFD version (crosstool-NG UNKNOWN) 2.28.1
COMPILER_PATH=/home/vincent/arm-cross-comp-env/arm-raspbian-linux-gnueabihf/libexec/gcc/arm-raspbian-linux-gnueabihf/8.3.0/:/home/vincent/arm-cross-comp-env/arm-raspbian-linux-gnueabihf/libexec/gcc/arm-raspbian-linux-gnueabihf/8.3.0/:/home/vincent/arm-cross-comp-env/arm-raspbian-linux-gnueabihf/libexec/gcc/arm-raspbian-linux-gnueabihf/:/home/vincent/arm-cross-comp-env/arm-raspbian-linux-gnueabihf/lib/gcc/arm-raspbian-linux-gnueabihf/8.3.0/:/home/vincent/arm-cross-comp-env/arm-raspbian-linux-gnueabihf/lib/gcc/arm-raspbian-linux-gnueabihf/:/home/vincent/arm-cross-comp-env/arm-raspbian-linux-gnueabihf/lib/gcc/arm-raspbian-linux-gnueabihf/8.3.0/../../../../arm-raspbian-linux-gnueabihf/bin/
LIBRARY_PATH=/home/vincent/arm-cross-comp-env/arm-raspbian-linux-gnueabihf/lib/gcc/arm-raspbian-linux-gnueabihf/8.3.0/:/home/vincent/arm-cross-comp-env/arm-raspbian-linux-gnueabihf/arm-raspbian-linux-gnueabihf/sysroot/lib/arm-linux-gnueabihf/:/home/vincent/arm-cross-comp-env/arm-raspbian-linux-gnueabihf/arm-raspbian-linux-gnueabihf/sysroot/lib/:/home/vincent/arm-cross-comp-env/arm-raspbian-linux-gnueabihf/arm-raspbian-linux-gnueabihf/sysroot/usr/lib/arm-linux-gnueabihf/:/home/vincent/arm-cross-comp-env/arm-raspbian-linux-gnueabihf/arm-raspbian-linux-gnueabihf/sysroot/usr/lib/
COLLECT_GCC_OPTIONS='-v' '-o' 'CMakeFiles/cmTC_eb2c7.dir/CMakeCXXCompilerABI.cpp.o' '-c' '-shared-libgcc'  '-mfloat-abi=hard' '-mfpu=vfp' '-mtls-dialect=gnu' '-marm' '-march=armv6+fp'
[2/2] Linking CXX executable cmTC_eb2c7
Using built-in specs.
COLLECT_GCC=/home/vincent/arm-cross-comp-env/arm-raspbian-linux-gnueabihf/bin/arm-raspbian-linux-gnueabihf-g++
COLLECT_LTO_WRAPPER=/home/vincent/arm-cross-comp-env/arm-raspbian-linux-gnueabihf/libexec/gcc/arm-raspbian-linux-gnueabihf/8.3.0/lto-wrapper
Target: arm-raspbian-linux-gnueabihf
Configured with: /home/vincent/ct-config/.build/arm-raspbian-linux-gnueabihf/src/gcc/configure --build=x86_64-build_pc-linux-gnu --host=x86_64-build_pc-linux-gnu --target=arm-raspbian-linux-gnueabihf --prefix=/home/vincent/arm-cross-comp-env/arm-raspbian-linux-gnueabihf --with-sysroot=/home/vincent/arm-cross-comp-env/arm-raspbian-linux-gnueabihf/arm-raspbian-linux-gnueabihf/sysroot --enable-languages=c,c++ --with-pkgversion='crosstool-NG UNKNOWN' --enable-__cxa_atexit --enable-libmudflap --enable-libgomp --enable-libssp --enable-libquadmath --enable-libquadmath-support --enable-libsanitizer --disable-libmpx --with-gmp=/home/vincent/ct-config/.build/arm-raspbian-linux-gnueabihf/buildtools --with-mpfr=/home/vincent/ct-config/.build/arm-raspbian-linux-gnueabihf/buildtools --with-mpc=/home/vincent/ct-config/.build/arm-raspbian-linux-gnueabihf/buildtools --with-isl=/home/vincent/ct-config/.build/arm-raspbian-linux-gnueabihf/buildtools --enable-lto --with-host-libstdcxx='-static-libgcc -Wl,-Bstatic,-lstdc++,-Bdynamic -lm' --enable-threads=posix --disable-plugin --disable-nls --enable-multiarch --with-local-prefix=/home/vincent/arm-cross-comp-env/arm-raspbian-linux-gnueabihf/arm-raspbian-linux-gnueabihf/sysroot --enable-long-long --with-arch=armv6 --with-float=hard --with-fpu=vfp --enable-libstdcxx-debug --enable-libstdcxx-time=yes --enable-version-specific-runtime-libs
Thread model: posix
gcc version 8.3.0 (crosstool-NG UNKNOWN) 
COMPILER_PATH=/home/vincent/arm-cross-comp-env/arm-raspbian-linux-gnueabihf/libexec/gcc/arm-raspbian-linux-gnueabihf/8.3.0/:/home/vincent/arm-cross-comp-env/arm-raspbian-linux-gnueabihf/libexec/gcc/arm-raspbian-linux-gnueabihf/8.3.0/:/home/vincent/arm-cross-comp-env/arm-raspbian-linux-gnueabihf/libexec/gcc/arm-raspbian-linux-gnueabihf/:/home/vincent/arm-cross-comp-env/arm-raspbian-linux-gnueabihf/lib/gcc/arm-raspbian-linux-gnueabihf/8.3.0/:/home/vincent/arm-cross-comp-env/arm-raspbian-linux-gnueabihf/lib/gcc/arm-raspbian-linux-gnueabihf/:/home/vincent/arm-cross-comp-env/arm-raspbian-linux-gnueabihf/lib/gcc/arm-raspbian-linux-gnueabihf/8.3.0/../../../../arm-raspbian-linux-gnueabihf/bin/
LIBRARY_PATH=/home/vincent/arm-cross-comp-env/arm-raspbian-linux-gnueabihf/lib/gcc/arm-raspbian-linux-gnueabihf/8.3.0/:/home/vincent/arm-cross-comp-env/arm-raspbian-linux-gnueabihf/arm-raspbian-linux-gnueabihf/sysroot/lib/arm-linux-gnueabihf/:/home/vincent/arm-cross-comp-env/arm-raspbian-linux-gnueabihf/arm-raspbian-linux-gnueabihf/sysroot/lib/:/home/vincent/arm-cross-comp-env/arm-raspbian-linux-gnueabihf/arm-raspbian-linux-gnueabihf/sysroot/usr/lib/arm-linux-gnueabihf/:/home/vincent/arm-cross-comp-env/arm-raspbian-linux-gnueabihf/arm-raspbian-linux-gnueabihf/sysroot/usr/lib/
COLLECT_GCC_OPTIONS='-v' '-rdynamic' '-o' 'cmTC_eb2c7' '-shared-libgcc'  '-mfloat-abi=hard' '-mfpu=vfp' '-mtls-dialect=gnu' '-marm' '-march=armv6+fp'
 /home/vincent/arm-cross-comp-env/arm-raspbian-linux-gnueabihf/libexec/gcc/arm-raspbian-linux-gnueabihf/8.3.0/collect2 -plugin /home/vincent/arm-cross-comp-env/arm-raspbian-linux-gnueabihf/libexec/gcc/arm-raspbian-linux-gnueabihf/8.3.0/liblto_plugin.so -plugin-opt=/home/vincent/arm-cross-comp-env/arm-raspbian-linux-gnueabihf/libexec/gcc/arm-raspbian-linux-gnueabihf/8.3.0/lto-wrapper -plugin-opt=-fresolution=/tmp/ccEcjtyD.res -plugin-opt=-pass-through=-lgcc_s -plugin-opt=-pass-through=-lgcc -plugin-opt=-pass-through=-lc -plugin-opt=-pass-through=-lgcc_s -plugin-opt=-pass-through=-lgcc --sysroot=/home/vincent/arm-cross-comp-env/arm-raspbian-linux-gnueabihf/arm-raspbian-linux-gnueabihf/sysroot --eh-frame-hdr -export-dynamic -dynamic-linker /lib/ld-linux-armhf.so.3 -X -m armelf_linux_eabi -o cmTC_eb2c7 /home/vincent/arm-cross-comp-env/arm-raspbian-linux-gnueabihf/arm-raspbian-linux-gnueabihf/sysroot/usr/lib/arm-linux-gnueabihf/crt1.o /home/vincent/arm-cross-comp-env/arm-raspbian-linux-gnueabihf/arm-raspbian-linux-gnueabihf/sysroot/usr/lib/arm-linux-gnueabihf/crti.o /home/vincent/arm-cross-comp-env/arm-raspbian-linux-gnueabihf/lib/gcc/arm-raspbian-linux-gnueabihf/8.3.0/crtbegin.o -L/home/vincent/arm-cross-comp-env/arm-raspbian-linux-gnueabihf/lib/gcc/arm-raspbian-linux-gnueabihf/8.3.0 -L/home/vincent/arm-cross-comp-env/arm-raspbian-linux-gnueabihf/arm-raspbian-linux-gnueabihf/sysroot/lib/arm-linux-gnueabihf -L/home/vincent/arm-cross-comp-env/arm-raspbian-linux-gnueabihf/arm-raspbian-linux-gnueabihf/sysroot/lib -L/home/vincent/arm-cross-comp-env/arm-raspbian-linux-gnueabihf/arm-raspbian-linux-gnueabihf/sysroot/usr/lib/arm-linux-gnueabihf -L/home/vincent/arm-cross-comp-env/arm-raspbian-linux-gnueabihf/arm-raspbian-linux-gnueabihf/sysroot/usr/lib -rpath-link /home/vincent/arm-cross-comp-env/arm-raspbian-linux-gnueabihf/arm-raspbian-linux-gnueabihf/sysroot/opt/vc/lib -rpath-link /home/vincent/arm-cross-comp-env/arm-raspbian-linux-gnueabihf/arm-raspbian-linux-gnueabihf/sysroot/lib/arm-linux-gnueabihf -rpath-link /home/vincent/arm-cross-comp-env/arm-raspbian-linux-gnueabihf/arm-raspbian-linux-gnueabihf/sysroot/usr/lib/arm-linux-gnueabihf -rpath-link /home/vincent/arm-cross-comp-env/arm-raspbian-linux-gnueabihf/arm-raspbian-linux-gnueabihf/sysroot/usr/local/lib CMakeFiles/cmTC_eb2c7.dir/CMakeCXXCompilerABI.cpp.o -lstdc++ -lm -lgcc_s -lgcc -lc -lgcc_s -lgcc /home/vincent/arm-cross-comp-env/arm-raspbian-linux-gnueabihf/lib/gcc/arm-raspbian-linux-gnueabihf/8.3.0/crtend.o /home/vincent/arm-cross-comp-env/arm-raspbian-linux-gnueabihf/arm-raspbian-linux-gnueabihf/sysroot/usr/lib/arm-linux-gnueabihf/crtn.o
COLLECT_GCC_OPTIONS='-v' '-rdynamic' '-o' 'cmTC_eb2c7' '-shared-libgcc'  '-mfloat-abi=hard' '-mfpu=vfp' '-mtls-dialect=gnu' '-marm' '-march=armv6+fp'



Parsed CXX implicit include dir info from above output: rv=done
  found start of include info
  found start of implicit include info
    add: [/home/vincent/arm-cross-comp-env/arm-raspbian-linux-gnueabihf/lib/gcc/arm-raspbian-linux-gnueabihf/8.3.0/include/c++]
    add: [/home/vincent/arm-cross-comp-env/arm-raspbian-linux-gnueabihf/lib/gcc/arm-raspbian-linux-gnueabihf/8.3.0/include/c++/arm-raspbian-linux-gnueabihf/.]
    add: [/home/vincent/arm-cross-comp-env/arm-raspbian-linux-gnueabihf/lib/gcc/arm-raspbian-linux-gnueabihf/8.3.0/include/c++/backward]
    add: [/home/vincent/arm-cross-comp-env/arm-raspbian-linux-gnueabihf/lib/gcc/arm-raspbian-linux-gnueabihf/8.3.0/include]
    add: [/home/vincent/arm-cross-comp-env/arm-raspbian-linux-gnueabihf/lib/gcc/arm-raspbian-linux-gnueabihf/8.3.0/include-fixed]
    add: [/home/vincent/arm-cross-comp-env/arm-raspbian-linux-gnueabihf/arm-raspbian-linux-gnueabihf/sysroot/usr/include/arm-linux-gnueabihf]
    add: [/home/vincent/arm-cross-comp-env/arm-raspbian-linux-gnueabihf/arm-raspbian-linux-gnueabihf/sysroot/usr/include]
  end of search list found
  collapse include dir [/home/vincent/arm-cross-comp-env/arm-raspbian-linux-gnueabihf/lib/gcc/arm-raspbian-linux-gnueabihf/8.3.0/include/c++] ==> [/home/vincent/arm-cross-comp-env/arm-raspbian-linux-gnueabihf/lib/gcc/arm-raspbian-linux-gnueabihf/8.3.0/include/c++]
  collapse include dir [/home/vincent/arm-cross-comp-env/arm-raspbian-linux-gnueabihf/lib/gcc/arm-raspbian-linux-gnueabihf/8.3.0/include/c++/arm-raspbian-linux-gnueabihf/.] ==> [/home/vincent/arm-cross-comp-env/arm-raspbian-linux-gnueabihf/lib/gcc/arm-raspbian-linux-gnueabihf/8.3.0/include/c++/arm-raspbian-linux-gnueabihf]
  collapse include dir [/home/vincent/arm-cross-comp-env/arm-raspbian-linux-gnueabihf/lib/gcc/arm-raspbian-linux-gnueabihf/8.3.0/include/c++/backward] ==> [/home/vincent/arm-cross-comp-env/arm-raspbian-linux-gnueabihf/lib/gcc/arm-raspbian-linux-gnueabihf/8.3.0/include/c++/backward]
  collapse include dir [/home/vincent/arm-cross-comp-env/arm-raspbian-linux-gnueabihf/lib/gcc/arm-raspbian-linux-gnueabihf/8.3.0/include] ==> [/home/vincent/arm-cross-comp-env/arm-raspbian-linux-gnueabihf/lib/gcc/arm-raspbian-linux-gnueabihf/8.3.0/include]
  collapse include dir [/home/vincent/arm-cross-comp-env/arm-raspbian-linux-gnueabihf/lib/gcc/arm-raspbian-linux-gnueabihf/8.3.0/include-fixed] ==> [/home/vincent/arm-cross-comp-env/arm-raspbian-linux-gnueabihf/lib/gcc/arm-raspbian-linux-gnueabihf/8.3.0/include-fixed]
  collapse include dir [/home/vincent/arm-cross-comp-env/arm-raspbian-linux-gnueabihf/arm-raspbian-linux-gnueabihf/sysroot/usr/include/arm-linux-gnueabihf] ==> [/home/vincent/arm-cross-comp-env/arm-raspbian-linux-gnueabihf/arm-raspbian-linux-gnueabihf/sysroot/usr/include/arm-linux-gnueabihf]
  collapse include dir [/home/vincent/arm-cross-comp-env/arm-raspbian-linux-gnueabihf/arm-raspbian-linux-gnueabihf/sysroot/usr/include] ==> [/home/vincent/arm-cross-comp-env/arm-raspbian-linux-gnueabihf/arm-raspbian-linux-gnueabihf/sysroot/usr/include]
  implicit include dirs: [/home/vincent/arm-cross-comp-env/arm-raspbian-linux-gnueabihf/lib/gcc/arm-raspbian-linux-gnueabihf/8.3.0/include/c++;/home/vincent/arm-cross-comp-env/arm-raspbian-linux-gnueabihf/lib/gcc/arm-raspbian-linux-gnueabihf/8.3.0/include/c++/arm-raspbian-linux-gnueabihf;/home/vincent/arm-cross-comp-env/arm-raspbian-linux-gnueabihf/lib/gcc/arm-raspbian-linux-gnueabihf/8.3.0/include/c++/backward;/home/vincent/arm-cross-comp-env/arm-raspbian-linux-gnueabihf/lib/gcc/arm-raspbian-linux-gnueabihf/8.3.0/include;/home/vincent/arm-cross-comp-env/arm-raspbian-linux-gnueabihf/lib/gcc/arm-raspbian-linux-gnueabihf/8.3.0/include-fixed;/home/vincent/arm-cross-comp-env/arm-raspbian-linux-gnueabihf/arm-raspbian-linux-gnueabihf/sysroot/usr/include/arm-linux-gnueabihf;/home/vincent/arm-cross-comp-env/arm-raspbian-linux-gnueabihf/arm-raspbian-linux-gnueabihf/sysroot/usr/include]


Parsed CXX implicit link information from above output:
  link line regex: [^( *|.*[/\])(arm-raspbian-linux-gnueabihf-ld|CMAKE_LINK_STARTFILE-NOTFOUND|([^/\]+-)?ld|collect2)[^/\]*( |$)]
  ignore line: [Change Dir: /home/vincent/VsCodeProjects/laboratoire5/laboratoire-5-pi/build/CMakeFiles/CMakeTmp]
  ignore line: []
  ignore line: [Run Build Command(s):/usr/bin/ninja cmTC_eb2c7 && [1/2] Building CXX object CMakeFiles/cmTC_eb2c7.dir/CMakeCXXCompilerABI.cpp.o]
  ignore line: [Using built-in specs.]
  ignore line: [COLLECT_GCC=/home/vincent/arm-cross-comp-env/arm-raspbian-linux-gnueabihf/bin/arm-raspbian-linux-gnueabihf-g++]
  ignore line: [Target: arm-raspbian-linux-gnueabihf]
  ignore line: [Configured with: /home/vincent/ct-config/.build/arm-raspbian-linux-gnueabihf/src/gcc/configure --build=x86_64-build_pc-linux-gnu --host=x86_64-build_pc-linux-gnu --target=arm-raspbian-linux-gnueabihf --prefix=/home/vincent/arm-cross-comp-env/arm-raspbian-linux-gnueabihf --with-sysroot=/home/vincent/arm-cross-comp-env/arm-raspbian-linux-gnueabihf/arm-raspbian-linux-gnueabihf/sysroot --enable-languages=c c++ --with-pkgversion='crosstool-NG UNKNOWN' --enable-__cxa_atexit --enable-libmudflap --enable-libgomp --enable-libssp --enable-libquadmath --enable-libquadmath-support --enable-libsanitizer --disable-libmpx --with-gmp=/home/vincent/ct-config/.build/arm-raspbian-linux-gnueabihf/buildtools --with-mpfr=/home/vincent/ct-config/.build/arm-raspbian-linux-gnueabihf/buildtools --with-mpc=/home/vincent/ct-config/.build/arm-raspbian-linux-gnueabihf/buildtools --with-isl=/home/vincent/ct-config/.build/arm-raspbian-linux-gnueabihf/buildtools --enable-lto --with-host-libstdcxx='-static-libgcc -Wl -Bstatic -lstdc++ -Bdynamic -lm' --enable-threads=posix --disable-plugin --disable-nls --enable-multiarch --with-local-prefix=/home/vincent/arm-cross-comp-env/arm-raspbian-linux-gnueabihf/arm-raspbian-linux-gnueabihf/sysroot --enable-long-long --with-arch=armv6 --with-float=hard --with-fpu=vfp --enable-libstdcxx-debug --enable-libstdcxx-time=yes --enable-version-specific-runtime-libs]
  ignore line: [Thread model: posix]
  ignore line: [gcc version 8.3.0 (crosstool-NG UNKNOWN) ]
  ignore line: [COLLECT_GCC_OPTIONS='-v' '-o' 'CMakeFiles/cmTC_eb2c7.dir/CMakeCXXCompilerABI.cpp.o' '-c' '-shared-libgcc'  '-mfloat-abi=hard' '-mfpu=vfp' '-mtls-dialect=gnu' '-marm' '-march=armv6+fp']
  ignore line: [ /home/vincent/arm-cross-comp-env/arm-raspbian-linux-gnueabihf/libexec/gcc/arm-raspbian-linux-gnueabihf/8.3.0/cc1plus -quiet -v -imultilib . -imultiarch arm-linux-gnueabihf -isysroot /home/vincent/arm-cross-comp-env/arm-raspbian-linux-gnueabihf/arm-raspbian-linux-gnueabihf/sysroot -D_GNU_SOURCE /usr/share/cmake-3.17/Modules/CMakeCXXCompilerABI.cpp -quiet -dumpbase CMakeCXXCompilerABI.cpp -mfloat-abi=hard -mfpu=vfp -mtls-dialect=gnu -marm -march=armv6+fp -auxbase-strip CMakeFiles/cmTC_eb2c7.dir/CMakeCXXCompilerABI.cpp.o -version -o /tmp/ccZbbwKk.s]
  ignore line: [GNU C++14 (crosstool-NG UNKNOWN) version 8.3.0 (arm-raspbian-linux-gnueabihf)]
  ignore line: [	compiled by GNU C version 9.2.0  GMP version 6.1.2  MPFR version 3.1.6  MPC version 1.0.3  isl version isl-0.18-GMP]
  ignore line: []
  ignore line: [GGC heuristics: --param ggc-min-expand=100 --param ggc-min-heapsize=131072]
  ignore line: [ignoring nonexistent directory "/home/vincent/arm-cross-comp-env/arm-raspbian-linux-gnueabihf/arm-raspbian-linux-gnueabihf/sysroot/home/vincent/arm-cross-comp-env/arm-raspbian-linux-gnueabihf/arm-raspbian-linux-gnueabihf/sysroot/include/arm-linux-gnueabihf"]
  ignore line: [ignoring nonexistent directory "/home/vincent/arm-cross-comp-env/arm-raspbian-linux-gnueabihf/arm-raspbian-linux-gnueabihf/sysroot/home/vincent/arm-cross-comp-env/arm-raspbian-linux-gnueabihf/arm-raspbian-linux-gnueabihf/sysroot/include"]
  ignore line: [ignoring nonexistent directory "/home/vincent/arm-cross-comp-env/arm-raspbian-linux-gnueabihf/lib/gcc/arm-raspbian-linux-gnueabihf/8.3.0/../../../../arm-raspbian-linux-gnueabihf/include"]
  ignore line: [#include "..." search starts here:]
  ignore line: [#include <...> search starts here:]
  ignore line: [ /home/vincent/arm-cross-comp-env/arm-raspbian-linux-gnueabihf/lib/gcc/arm-raspbian-linux-gnueabihf/8.3.0/include/c++]
  ignore line: [ /home/vincent/arm-cross-comp-env/arm-raspbian-linux-gnueabihf/lib/gcc/arm-raspbian-linux-gnueabihf/8.3.0/include/c++/arm-raspbian-linux-gnueabihf/.]
  ignore line: [ /home/vincent/arm-cross-comp-env/arm-raspbian-linux-gnueabihf/lib/gcc/arm-raspbian-linux-gnueabihf/8.3.0/include/c++/backward]
  ignore line: [ /home/vincent/arm-cross-comp-env/arm-raspbian-linux-gnueabihf/lib/gcc/arm-raspbian-linux-gnueabihf/8.3.0/include]
  ignore line: [ /home/vincent/arm-cross-comp-env/arm-raspbian-linux-gnueabihf/lib/gcc/arm-raspbian-linux-gnueabihf/8.3.0/include-fixed]
  ignore line: [ /home/vincent/arm-cross-comp-env/arm-raspbian-linux-gnueabihf/arm-raspbian-linux-gnueabihf/sysroot/usr/include/arm-linux-gnueabihf]
  ignore line: [ /home/vincent/arm-cross-comp-env/arm-raspbian-linux-gnueabihf/arm-raspbian-linux-gnueabihf/sysroot/usr/include]
  ignore line: [End of search list.]
  ignore line: [GNU C++14 (crosstool-NG UNKNOWN) version 8.3.0 (arm-raspbian-linux-gnueabihf)]
  ignore line: [	compiled by GNU C version 9.2.0  GMP version 6.1.2  MPFR version 3.1.6  MPC version 1.0.3  isl version isl-0.18-GMP]
  ignore line: []
  ignore line: [GGC heuristics: --param ggc-min-expand=100 --param ggc-min-heapsize=131072]
  ignore line: [Compiler executable checksum: 24e5d62aac4aff2c2560ec71c91aec6c]
  ignore line: [COLLECT_GCC_OPTIONS='-v' '-o' 'CMakeFiles/cmTC_eb2c7.dir/CMakeCXXCompilerABI.cpp.o' '-c' '-shared-libgcc'  '-mfloat-abi=hard' '-mfpu=vfp' '-mtls-dialect=gnu' '-marm' '-march=armv6+fp']
  ignore line: [ /home/vincent/arm-cross-comp-env/arm-raspbian-linux-gnueabihf/lib/gcc/arm-raspbian-linux-gnueabihf/8.3.0/../../../../arm-raspbian-linux-gnueabihf/bin/as -v -march=armv6 -mfloat-abi=hard -mfpu=vfp -meabi=5 -o CMakeFiles/cmTC_eb2c7.dir/CMakeCXXCompilerABI.cpp.o /tmp/ccZbbwKk.s]
  ignore line: [GNU assembler version 2.28.1 (arm-raspbian-linux-gnueabihf) using BFD version (crosstool-NG UNKNOWN) 2.28.1]
  ignore line: [COMPILER_PATH=/home/vincent/arm-cross-comp-env/arm-raspbian-linux-gnueabihf/libexec/gcc/arm-raspbian-linux-gnueabihf/8.3.0/:/home/vincent/arm-cross-comp-env/arm-raspbian-linux-gnueabihf/libexec/gcc/arm-raspbian-linux-gnueabihf/8.3.0/:/home/vincent/arm-cross-comp-env/arm-raspbian-linux-gnueabihf/libexec/gcc/arm-raspbian-linux-gnueabihf/:/home/vincent/arm-cross-comp-env/arm-raspbian-linux-gnueabihf/lib/gcc/arm-raspbian-linux-gnueabihf/8.3.0/:/home/vincent/arm-cross-comp-env/arm-raspbian-linux-gnueabihf/lib/gcc/arm-raspbian-linux-gnueabihf/:/home/vincent/arm-cross-comp-env/arm-raspbian-linux-gnueabihf/lib/gcc/arm-raspbian-linux-gnueabihf/8.3.0/../../../../arm-raspbian-linux-gnueabihf/bin/]
  ignore line: [LIBRARY_PATH=/home/vincent/arm-cross-comp-env/arm-raspbian-linux-gnueabihf/lib/gcc/arm-raspbian-linux-gnueabihf/8.3.0/:/home/vincent/arm-cross-comp-env/arm-raspbian-linux-gnueabihf/arm-raspbian-linux-gnueabihf/sysroot/lib/arm-linux-gnueabihf/:/home/vincent/arm-cross-comp-env/arm-raspbian-linux-gnueabihf/arm-raspbian-linux-gnueabihf/sysroot/lib/:/home/vincent/arm-cross-comp-env/arm-raspbian-linux-gnueabihf/arm-raspbian-linux-gnueabihf/sysroot/usr/lib/arm-linux-gnueabihf/:/home/vincent/arm-cross-comp-env/arm-raspbian-linux-gnueabihf/arm-raspbian-linux-gnueabihf/sysroot/usr/lib/]
  ignore line: [COLLECT_GCC_OPTIONS='-v' '-o' 'CMakeFiles/cmTC_eb2c7.dir/CMakeCXXCompilerABI.cpp.o' '-c' '-shared-libgcc'  '-mfloat-abi=hard' '-mfpu=vfp' '-mtls-dialect=gnu' '-marm' '-march=armv6+fp']
  ignore line: [[2/2] Linking CXX executable cmTC_eb2c7]
  ignore line: [Using built-in specs.]
  ignore line: [COLLECT_GCC=/home/vincent/arm-cross-comp-env/arm-raspbian-linux-gnueabihf/bin/arm-raspbian-linux-gnueabihf-g++]
  ignore line: [COLLECT_LTO_WRAPPER=/home/vincent/arm-cross-comp-env/arm-raspbian-linux-gnueabihf/libexec/gcc/arm-raspbian-linux-gnueabihf/8.3.0/lto-wrapper]
  ignore line: [Target: arm-raspbian-linux-gnueabihf]
  ignore line: [Configured with: /home/vincent/ct-config/.build/arm-raspbian-linux-gnueabihf/src/gcc/configure --build=x86_64-build_pc-linux-gnu --host=x86_64-build_pc-linux-gnu --target=arm-raspbian-linux-gnueabihf --prefix=/home/vincent/arm-cross-comp-env/arm-raspbian-linux-gnueabihf --with-sysroot=/home/vincent/arm-cross-comp-env/arm-raspbian-linux-gnueabihf/arm-raspbian-linux-gnueabihf/sysroot --enable-languages=c c++ --with-pkgversion='crosstool-NG UNKNOWN' --enable-__cxa_atexit --enable-libmudflap --enable-libgomp --enable-libssp --enable-libquadmath --enable-libquadmath-support --enable-libsanitizer --disable-libmpx --with-gmp=/home/vincent/ct-config/.build/arm-raspbian-linux-gnueabihf/buildtools --with-mpfr=/home/vincent/ct-config/.build/arm-raspbian-linux-gnueabihf/buildtools --with-mpc=/home/vincent/ct-config/.build/arm-raspbian-linux-gnueabihf/buildtools --with-isl=/home/vincent/ct-config/.build/arm-raspbian-linux-gnueabihf/buildtools --enable-lto --with-host-libstdcxx='-static-libgcc -Wl -Bstatic -lstdc++ -Bdynamic -lm' --enable-threads=posix --disable-plugin --disable-nls --enable-multiarch --with-local-prefix=/home/vincent/arm-cross-comp-env/arm-raspbian-linux-gnueabihf/arm-raspbian-linux-gnueabihf/sysroot --enable-long-long --with-arch=armv6 --with-float=hard --with-fpu=vfp --enable-libstdcxx-debug --enable-libstdcxx-time=yes --enable-version-specific-runtime-libs]
  ignore line: [Thread model: posix]
  ignore line: [gcc version 8.3.0 (crosstool-NG UNKNOWN) ]
  ignore line: [COMPILER_PATH=/home/vincent/arm-cross-comp-env/arm-raspbian-linux-gnueabihf/libexec/gcc/arm-raspbian-linux-gnueabihf/8.3.0/:/home/vincent/arm-cross-comp-env/arm-raspbian-linux-gnueabihf/libexec/gcc/arm-raspbian-linux-gnueabihf/8.3.0/:/home/vincent/arm-cross-comp-env/arm-raspbian-linux-gnueabihf/libexec/gcc/arm-raspbian-linux-gnueabihf/:/home/vincent/arm-cross-comp-env/arm-raspbian-linux-gnueabihf/lib/gcc/arm-raspbian-linux-gnueabihf/8.3.0/:/home/vincent/arm-cross-comp-env/arm-raspbian-linux-gnueabihf/lib/gcc/arm-raspbian-linux-gnueabihf/:/home/vincent/arm-cross-comp-env/arm-raspbian-linux-gnueabihf/lib/gcc/arm-raspbian-linux-gnueabihf/8.3.0/../../../../arm-raspbian-linux-gnueabihf/bin/]
  ignore line: [LIBRARY_PATH=/home/vincent/arm-cross-comp-env/arm-raspbian-linux-gnueabihf/lib/gcc/arm-raspbian-linux-gnueabihf/8.3.0/:/home/vincent/arm-cross-comp-env/arm-raspbian-linux-gnueabihf/arm-raspbian-linux-gnueabihf/sysroot/lib/arm-linux-gnueabihf/:/home/vincent/arm-cross-comp-env/arm-raspbian-linux-gnueabihf/arm-raspbian-linux-gnueabihf/sysroot/lib/:/home/vincent/arm-cross-comp-env/arm-raspbian-linux-gnueabihf/arm-raspbian-linux-gnueabihf/sysroot/usr/lib/arm-linux-gnueabihf/:/home/vincent/arm-cross-comp-env/arm-raspbian-linux-gnueabihf/arm-raspbian-linux-gnueabihf/sysroot/usr/lib/]
  ignore line: [COLLECT_GCC_OPTIONS='-v' '-rdynamic' '-o' 'cmTC_eb2c7' '-shared-libgcc'  '-mfloat-abi=hard' '-mfpu=vfp' '-mtls-dialect=gnu' '-marm' '-march=armv6+fp']
  link line: [ /home/vincent/arm-cross-comp-env/arm-raspbian-linux-gnueabihf/libexec/gcc/arm-raspbian-linux-gnueabihf/8.3.0/collect2 -plugin /home/vincent/arm-cross-comp-env/arm-raspbian-linux-gnueabihf/libexec/gcc/arm-raspbian-linux-gnueabihf/8.3.0/liblto_plugin.so -plugin-opt=/home/vincent/arm-cross-comp-env/arm-raspbian-linux-gnueabihf/libexec/gcc/arm-raspbian-linux-gnueabihf/8.3.0/lto-wrapper -plugin-opt=-fresolution=/tmp/ccEcjtyD.res -plugin-opt=-pass-through=-lgcc_s -plugin-opt=-pass-through=-lgcc -plugin-opt=-pass-through=-lc -plugin-opt=-pass-through=-lgcc_s -plugin-opt=-pass-through=-lgcc --sysroot=/home/vincent/arm-cross-comp-env/arm-raspbian-linux-gnueabihf/arm-raspbian-linux-gnueabihf/sysroot --eh-frame-hdr -export-dynamic -dynamic-linker /lib/ld-linux-armhf.so.3 -X -m armelf_linux_eabi -o cmTC_eb2c7 /home/vincent/arm-cross-comp-env/arm-raspbian-linux-gnueabihf/arm-raspbian-linux-gnueabihf/sysroot/usr/lib/arm-linux-gnueabihf/crt1.o /home/vincent/arm-cross-comp-env/arm-raspbian-linux-gnueabihf/arm-raspbian-linux-gnueabihf/sysroot/usr/lib/arm-linux-gnueabihf/crti.o /home/vincent/arm-cross-comp-env/arm-raspbian-linux-gnueabihf/lib/gcc/arm-raspbian-linux-gnueabihf/8.3.0/crtbegin.o -L/home/vincent/arm-cross-comp-env/arm-raspbian-linux-gnueabihf/lib/gcc/arm-raspbian-linux-gnueabihf/8.3.0 -L/home/vincent/arm-cross-comp-env/arm-raspbian-linux-gnueabihf/arm-raspbian-linux-gnueabihf/sysroot/lib/arm-linux-gnueabihf -L/home/vincent/arm-cross-comp-env/arm-raspbian-linux-gnueabihf/arm-raspbian-linux-gnueabihf/sysroot/lib -L/home/vincent/arm-cross-comp-env/arm-raspbian-linux-gnueabihf/arm-raspbian-linux-gnueabihf/sysroot/usr/lib/arm-linux-gnueabihf -L/home/vincent/arm-cross-comp-env/arm-raspbian-linux-gnueabihf/arm-raspbian-linux-gnueabihf/sysroot/usr/lib -rpath-link /home/vincent/arm-cross-comp-env/arm-raspbian-linux-gnueabihf/arm-raspbian-linux-gnueabihf/sysroot/opt/vc/lib -rpath-link /home/vincent/arm-cross-comp-env/arm-raspbian-linux-gnueabihf/arm-raspbian-linux-gnueabihf/sysroot/lib/arm-linux-gnueabihf -rpath-link /home/vincent/arm-cross-comp-env/arm-raspbian-linux-gnueabihf/arm-raspbian-linux-gnueabihf/sysroot/usr/lib/arm-linux-gnueabihf -rpath-link /home/vincent/arm-cross-comp-env/arm-raspbian-linux-gnueabihf/arm-raspbian-linux-gnueabihf/sysroot/usr/local/lib CMakeFiles/cmTC_eb2c7.dir/CMakeCXXCompilerABI.cpp.o -lstdc++ -lm -lgcc_s -lgcc -lc -lgcc_s -lgcc /home/vincent/arm-cross-comp-env/arm-raspbian-linux-gnueabihf/lib/gcc/arm-raspbian-linux-gnueabihf/8.3.0/crtend.o /home/vincent/arm-cross-comp-env/arm-raspbian-linux-gnueabihf/arm-raspbian-linux-gnueabihf/sysroot/usr/lib/arm-linux-gnueabihf/crtn.o]
    arg [/home/vincent/arm-cross-comp-env/arm-raspbian-linux-gnueabihf/libexec/gcc/arm-raspbian-linux-gnueabihf/8.3.0/collect2] ==> ignore
    arg [-plugin] ==> ignore
    arg [/home/vincent/arm-cross-comp-env/arm-raspbian-linux-gnueabihf/libexec/gcc/arm-raspbian-linux-gnueabihf/8.3.0/liblto_plugin.so] ==> ignore
    arg [-plugin-opt=/home/vincent/arm-cross-comp-env/arm-raspbian-linux-gnueabihf/libexec/gcc/arm-raspbian-linux-gnueabihf/8.3.0/lto-wrapper] ==> ignore
    arg [-plugin-opt=-fresolution=/tmp/ccEcjtyD.res] ==> ignore
    arg [-plugin-opt=-pass-through=-lgcc_s] ==> ignore
    arg [-plugin-opt=-pass-through=-lgcc] ==> ignore
    arg [-plugin-opt=-pass-through=-lc] ==> ignore
    arg [-plugin-opt=-pass-through=-lgcc_s] ==> ignore
    arg [-plugin-opt=-pass-through=-lgcc] ==> ignore
    arg [--sysroot=/home/vincent/arm-cross-comp-env/arm-raspbian-linux-gnueabihf/arm-raspbian-linux-gnueabihf/sysroot] ==> ignore
    arg [--eh-frame-hdr] ==> ignore
    arg [-export-dynamic] ==> ignore
    arg [-dynamic-linker] ==> ignore
    arg [/lib/ld-linux-armhf.so.3] ==> ignore
    arg [-X] ==> ignore
    arg [-m] ==> ignore
    arg [armelf_linux_eabi] ==> ignore
    arg [-o] ==> ignore
    arg [cmTC_eb2c7] ==> ignore
    arg [/home/vincent/arm-cross-comp-env/arm-raspbian-linux-gnueabihf/arm-raspbian-linux-gnueabihf/sysroot/usr/lib/arm-linux-gnueabihf/crt1.o] ==> ignore
    arg [/home/vincent/arm-cross-comp-env/arm-raspbian-linux-gnueabihf/arm-raspbian-linux-gnueabihf/sysroot/usr/lib/arm-linux-gnueabihf/crti.o] ==> ignore
    arg [/home/vincent/arm-cross-comp-env/arm-raspbian-linux-gnueabihf/lib/gcc/arm-raspbian-linux-gnueabihf/8.3.0/crtbegin.o] ==> ignore
    arg [-L/home/vincent/arm-cross-comp-env/arm-raspbian-linux-gnueabihf/lib/gcc/arm-raspbian-linux-gnueabihf/8.3.0] ==> dir [/home/vincent/arm-cross-comp-env/arm-raspbian-linux-gnueabihf/lib/gcc/arm-raspbian-linux-gnueabihf/8.3.0]
    arg [-L/home/vincent/arm-cross-comp-env/arm-raspbian-linux-gnueabihf/arm-raspbian-linux-gnueabihf/sysroot/lib/arm-linux-gnueabihf] ==> dir [/home/vincent/arm-cross-comp-env/arm-raspbian-linux-gnueabihf/arm-raspbian-linux-gnueabihf/sysroot/lib/arm-linux-gnueabihf]
    arg [-L/home/vincent/arm-cross-comp-env/arm-raspbian-linux-gnueabihf/arm-raspbian-linux-gnueabihf/sysroot/lib] ==> dir [/home/vincent/arm-cross-comp-env/arm-raspbian-linux-gnueabihf/arm-raspbian-linux-gnueabihf/sysroot/lib]
    arg [-L/home/vincent/arm-cross-comp-env/arm-raspbian-linux-gnueabihf/arm-raspbian-linux-gnueabihf/sysroot/usr/lib/arm-linux-gnueabihf] ==> dir [/home/vincent/arm-cross-comp-env/arm-raspbian-linux-gnueabihf/arm-raspbian-linux-gnueabihf/sysroot/usr/lib/arm-linux-gnueabihf]
    arg [-L/home/vincent/arm-cross-comp-env/arm-raspbian-linux-gnueabihf/arm-raspbian-linux-gnueabihf/sysroot/usr/lib] ==> dir [/home/vincent/arm-cross-comp-env/arm-raspbian-linux-gnueabihf/arm-raspbian-linux-gnueabihf/sysroot/usr/lib]
    arg [-rpath-link] ==> ignore
    arg [/home/vincent/arm-cross-comp-env/arm-raspbian-linux-gnueabihf/arm-raspbian-linux-gnueabihf/sysroot/opt/vc/lib] ==> ignore
    arg [-rpath-link] ==> ignore
    arg [/home/vincent/arm-cross-comp-env/arm-raspbian-linux-gnueabihf/arm-raspbian-linux-gnueabihf/sysroot/lib/arm-linux-gnueabihf] ==> ignore
    arg [-rpath-link] ==> ignore
    arg [/home/vincent/arm-cross-comp-env/arm-raspbian-linux-gnueabihf/arm-raspbian-linux-gnueabihf/sysroot/usr/lib/arm-linux-gnueabihf] ==> ignore
    arg [-rpath-link] ==> ignore
    arg [/home/vincent/arm-cross-comp-env/arm-raspbian-linux-gnueabihf/arm-raspbian-linux-gnueabihf/sysroot/usr/local/lib] ==> ignore
    arg [CMakeFiles/cmTC_eb2c7.dir/CMakeCXXCompilerABI.cpp.o] ==> ignore
    arg [-lstdc++] ==> lib [stdc++]
    arg [-lm] ==> lib [m]
    arg [-lgcc_s] ==> lib [gcc_s]
    arg [-lgcc] ==> lib [gcc]
    arg [-lc] ==> lib [c]
    arg [-lgcc_s] ==> lib [gcc_s]
    arg [-lgcc] ==> lib [gcc]
    arg [/home/vincent/arm-cross-comp-env/arm-raspbian-linux-gnueabihf/lib/gcc/arm-raspbian-linux-gnueabihf/8.3.0/crtend.o] ==> ignore
    arg [/home/vincent/arm-cross-comp-env/arm-raspbian-linux-gnueabihf/arm-raspbian-linux-gnueabihf/sysroot/usr/lib/arm-linux-gnueabihf/crtn.o] ==> ignore
  collapse library dir [/home/vincent/arm-cross-comp-env/arm-raspbian-linux-gnueabihf/lib/gcc/arm-raspbian-linux-gnueabihf/8.3.0] ==> [/home/vincent/arm-cross-comp-env/arm-raspbian-linux-gnueabihf/lib/gcc/arm-raspbian-linux-gnueabihf/8.3.0]
  collapse library dir [/home/vincent/arm-cross-comp-env/arm-raspbian-linux-gnueabihf/arm-raspbian-linux-gnueabihf/sysroot/lib/arm-linux-gnueabihf] ==> [/home/vincent/arm-cross-comp-env/arm-raspbian-linux-gnueabihf/arm-raspbian-linux-gnueabihf/sysroot/lib/arm-linux-gnueabihf]
  collapse library dir [/home/vincent/arm-cross-comp-env/arm-raspbian-linux-gnueabihf/arm-raspbian-linux-gnueabihf/sysroot/lib] ==> [/home/vincent/arm-cross-comp-env/arm-raspbian-linux-gnueabihf/arm-raspbian-linux-gnueabihf/sysroot/lib]
  collapse library dir [/home/vincent/arm-cross-comp-env/arm-raspbian-linux-gnueabihf/arm-raspbian-linux-gnueabihf/sysroot/usr/lib/arm-linux-gnueabihf] ==> [/home/vincent/arm-cross-comp-env/arm-raspbian-linux-gnueabihf/arm-raspbian-linux-gnueabihf/sysroot/usr/lib/arm-linux-gnueabihf]
  collapse library dir [/home/vincent/arm-cross-comp-env/arm-raspbian-linux-gnueabihf/arm-raspbian-linux-gnueabihf/sysroot/usr/lib] ==> [/home/vincent/arm-cross-comp-env/arm-raspbian-linux-gnueabihf/arm-raspbian-linux-gnueabihf/sysroot/usr/lib]
  implicit libs: [stdc++;m;gcc_s;gcc;c;gcc_s;gcc]
  implicit dirs: [/home/vincent/arm-cross-comp-env/arm-raspbian-linux-gnueabihf/lib/gcc/arm-raspbian-linux-gnueabihf/8.3.0;/home/vincent/arm-cross-comp-env/arm-raspbian-linux-gnueabihf/arm-raspbian-linux-gnueabihf/sysroot/lib/arm-linux-gnueabihf;/home/vincent/arm-cross-comp-env/arm-raspbian-linux-gnueabihf/arm-raspbian-linux-gnueabihf/sysroot/lib;/home/vincent/arm-cross-comp-env/arm-raspbian-linux-gnueabihf/arm-raspbian-linux-gnueabihf/sysroot/usr/lib/arm-linux-gnueabihf;/home/vincent/arm-cross-comp-env/arm-raspbian-linux-gnueabihf/arm-raspbian-linux-gnueabihf/sysroot/usr/lib]
  implicit fwks: []


